{"numFailedTestSuites":4,"numFailedTests":0,"numPassedTestSuites":74,"numPassedTests":74,"numPendingTestSuites":0,"numPendingTests":0,"numRuntimeErrorTestSuites":4,"numTodoTests":0,"numTotalTestSuites":78,"numTotalTests":74,"openHandles":[],"snapshot":{"added":0,"didUpdate":false,"failure":false,"filesAdded":0,"filesRemoved":0,"filesRemovedList":[],"filesUnmatched":0,"filesUpdated":0,"matched":0,"total":0,"unchecked":0,"uncheckedKeysByFile":[],"unmatched":0,"updated":0},"startTime":1754789274307,"success":false,"testResults":[{"assertionResults":[{"ancestorTitles":["Toast.test"],"duration":3,"failureDetails":[],"failureMessages":[],"fullName":"Toast.test smoke","invocations":1,"location":null,"numPassingAsserts":1,"retryReasons":[],"status":"passed","title":"smoke"}],"endTime":1754789276277,"message":"","name":"C:\\dom-v2\\frontend\\src\\components\\ui\\Toast.test.tsx","startTime":1754789275272,"status":"passed","summary":""},{"assertionResults":[{"ancestorTitles":["Dashboard.test"],"duration":1,"failureDetails":[],"failureMessages":[],"fullName":"Dashboard.test smoke","invocations":1,"location":null,"numPassingAsserts":1,"retryReasons":[],"status":"passed","title":"smoke"}],"endTime":1754789276418,"message":"","name":"C:\\dom-v2\\frontend\\src\\screens\\family\\Dashboard.test.tsx","startTime":1754789276286,"status":"passed","summary":""},{"assertionResults":[{"ancestorTitles":["Dashboard.test"],"duration":0,"failureDetails":[],"failureMessages":[],"fullName":"Dashboard.test smoke","invocations":1,"location":null,"numPassingAsserts":1,"retryReasons":[],"status":"passed","title":"smoke"}],"endTime":1754789276574,"message":"","name":"C:\\dom-v2\\frontend\\src\\screens\\employer\\Dashboard.test.tsx","startTime":1754789276437,"status":"passed","summary":""},{"assertionResults":[{"ancestorTitles":["Dashboard.test"],"duration":0,"failureDetails":[],"failureMessages":[],"fullName":"Dashboard.test smoke","invocations":1,"location":null,"numPassingAsserts":1,"retryReasons":[],"status":"passed","title":"smoke"}],"endTime":1754789276707,"message":"","name":"C:\\dom-v2\\frontend\\src\\screens\\employee\\Dashboard.test.tsx","startTime":1754789276586,"status":"passed","summary":""},{"assertionResults":[{"ancestorTitles":["Dashboard.test"],"duration":0,"failureDetails":[],"failureMessages":[],"fullName":"Dashboard.test smoke","invocations":1,"location":null,"numPassingAsserts":1,"retryReasons":[],"status":"passed","title":"smoke"}],"endTime":1754789276836,"message":"","name":"C:\\dom-v2\\frontend\\src\\components\\Dashboard.test.tsx","startTime":1754789276720,"status":"passed","summary":""},{"assertionResults":[{"ancestorTitles":["critical-thinking-validation.test"],"duration":0,"failureDetails":[],"failureMessages":[],"fullName":"critical-thinking-validation.test smoke","invocations":1,"location":null,"numPassingAsserts":1,"retryReasons":[],"status":"passed","title":"smoke"}],"endTime":1754789276971,"message":"","name":"C:\\dom-v2\\frontend\\src\\utils\\critical-thinking-validation.test.ts","startTime":1754789276848,"status":"passed","summary":""},{"assertionResults":[{"ancestorTitles":["BudgetDetailScreen.test"],"duration":0,"failureDetails":[],"failureMessages":[],"fullName":"BudgetDetailScreen.test smoke","invocations":1,"location":null,"numPassingAsserts":1,"retryReasons":[],"status":"passed","title":"smoke"}],"endTime":1754789277091,"message":"","name":"C:\\dom-v2\\frontend\\src\\screens\\budget\\BudgetDetailScreen.test.tsx","startTime":1754789276981,"status":"passed","summary":""},{"assertionResults":[{"ancestorTitles":["BudgetCreateScreen.test"],"duration":0,"failureDetails":[],"failureMessages":[],"fullName":"BudgetCreateScreen.test smoke","invocations":1,"location":null,"numPassingAsserts":1,"retryReasons":[],"status":"passed","title":"smoke"}],"endTime":1754789277205,"message":"","name":"C:\\dom-v2\\frontend\\src\\screens\\budget\\BudgetCreateScreen.test.tsx","startTime":1754789277102,"status":"passed","summary":""},{"assertionResults":[{"ancestorTitles":["Card.test"],"duration":1,"failureDetails":[],"failureMessages":[],"fullName":"Card.test smoke","invocations":1,"location":null,"numPassingAsserts":1,"retryReasons":[],"status":"passed","title":"smoke"}],"endTime":1754789277322,"message":"","name":"C:\\dom-v2\\frontend\\src\\components\\ui\\Card.test.tsx","startTime":1754789277217,"status":"passed","summary":""},{"assertionResults":[{"ancestorTitles":["theme-provider.test"],"duration":1,"failureDetails":[],"failureMessages":[],"fullName":"theme-provider.test smoke","invocations":1,"location":null,"numPassingAsserts":1,"retryReasons":[],"status":"passed","title":"smoke"}],"endTime":1754789277444,"message":"","name":"C:\\dom-v2\\frontend\\src\\utils\\theme-provider.test.tsx","startTime":1754789277334,"status":"passed","summary":""},{"assertionResults":[{"ancestorTitles":["messages-system.test"],"duration":1,"failureDetails":[],"failureMessages":[],"fullName":"messages-system.test smoke","invocations":1,"location":null,"numPassingAsserts":1,"retryReasons":[],"status":"passed","title":"smoke"}],"endTime":1754789277582,"message":"","name":"C:\\dom-v2\\frontend\\src\\utils\\messages-system.test.ts","startTime":1754789277452,"status":"passed","summary":""},{"assertionResults":[{"ancestorTitles":["theme-provider.test"],"duration":1,"failureDetails":[],"failureMessages":[],"fullName":"theme-provider.test smoke","invocations":1,"location":null,"numPassingAsserts":1,"retryReasons":[],"status":"passed","title":"smoke"}],"endTime":1754789277699,"message":"","name":"C:\\dom-v2\\frontend\\src\\utils\\theme-provider.test.ts","startTime":1754789277589,"status":"passed","summary":""},{"assertionResults":[{"ancestorTitles":["intelligent-notifications.test"],"duration":1,"failureDetails":[],"failureMessages":[],"fullName":"intelligent-notifications.test smoke","invocations":1,"location":null,"numPassingAsserts":1,"retryReasons":[],"status":"passed","title":"smoke"}],"endTime":1754789277808,"message":"","name":"C:\\dom-v2\\frontend\\src\\utils\\intelligent-notifications.test.ts","startTime":1754789277704,"status":"passed","summary":""},{"assertionResults":[{"ancestorTitles":["api-client.test"],"duration":1,"failureDetails":[],"failureMessages":[],"fullName":"api-client.test smoke","invocations":1,"location":null,"numPassingAsserts":1,"retryReasons":[],"status":"passed","title":"smoke"}],"endTime":1754789277925,"message":"","name":"C:\\dom-v2\\frontend\\src\\utils\\api-client.test.ts","startTime":1754789277815,"status":"passed","summary":""},{"assertionResults":[{"ancestorTitles":["Button.test"],"duration":1,"failureDetails":[],"failureMessages":[],"fullName":"Button.test smoke","invocations":1,"location":null,"numPassingAsserts":1,"retryReasons":[],"status":"passed","title":"smoke"}],"endTime":1754789278040,"message":"","name":"C:\\dom-v2\\frontend\\src\\components\\ui\\Button.test.tsx","startTime":1754789277931,"status":"passed","summary":""},{"assertionResults":[{"ancestorTitles":["regional-adaptation.test"],"duration":0,"failureDetails":[],"failureMessages":[],"fullName":"regional-adaptation.test smoke","invocations":1,"location":null,"numPassingAsserts":1,"retryReasons":[],"status":"passed","title":"smoke"}],"endTime":1754789278153,"message":"","name":"C:\\dom-v2\\frontend\\src\\utils\\regional-adaptation.test.ts","startTime":1754789278047,"status":"passed","summary":""},{"assertionResults":[{"ancestorTitles":["index.test"],"duration":1,"failureDetails":[],"failureMessages":[],"fullName":"index.test smoke","invocations":1,"location":null,"numPassingAsserts":1,"retryReasons":[],"status":"passed","title":"smoke"}],"endTime":1754789278256,"message":"","name":"C:\\dom-v2\\frontend\\src\\screens\\budget\\index.test.ts","startTime":1754789278161,"status":"passed","summary":""},{"assertionResults":[{"ancestorTitles":["validation.test"],"duration":1,"failureDetails":[],"failureMessages":[],"fullName":"validation.test smoke","invocations":1,"location":null,"numPassingAsserts":1,"retryReasons":[],"status":"passed","title":"smoke"}],"endTime":1754789278366,"message":"","name":"C:\\dom-v2\\frontend\\src\\utils\\validation.test.ts","startTime":1754789278266,"status":"passed","summary":""},{"assertionResults":[{"ancestorTitles":["Button.test"],"duration":2,"failureDetails":[],"failureMessages":[],"fullName":"Button.test smoke","invocations":1,"location":null,"numPassingAsserts":1,"retryReasons":[],"status":"passed","title":"smoke"}],"endTime":1754789278478,"message":"","name":"C:\\dom-v2\\frontend\\src\\components\\Button.test.tsx","startTime":1754789278371,"status":"passed","summary":""},{"assertionResults":[{"ancestorTitles":["user-profiles.test"],"duration":1,"failureDetails":[],"failureMessages":[],"fullName":"user-profiles.test smoke","invocations":1,"location":null,"numPassingAsserts":1,"retryReasons":[],"status":"passed","title":"smoke"}],"endTime":1754789278585,"message":"","name":"C:\\dom-v2\\frontend\\src\\utils\\user-profiles.test.ts","startTime":1754789278482,"status":"passed","summary":""},{"assertionResults":[{"ancestorTitles":["compatibility-test.test"],"duration":0,"failureDetails":[],"failureMessages":[],"fullName":"compatibility-test.test smoke","invocations":1,"location":null,"numPassingAsserts":1,"retryReasons":[],"status":"passed","title":"smoke"}],"endTime":1754789278702,"message":"","name":"C:\\dom-v2\\frontend\\src\\utils\\compatibility-test.test.ts","startTime":1754789278592,"status":"passed","summary":""},{"assertionResults":[{"ancestorTitles":["Modal.test"],"duration":1,"failureDetails":[],"failureMessages":[],"fullName":"Modal.test smoke","invocations":1,"location":null,"numPassingAsserts":1,"retryReasons":[],"status":"passed","title":"smoke"}],"endTime":1754789278809,"message":"","name":"C:\\dom-v2\\frontend\\src\\components\\ui\\Modal.test.tsx","startTime":1754789278710,"status":"passed","summary":""},{"assertionResults":[{"ancestorTitles":["index.test"],"duration":1,"failureDetails":[],"failureMessages":[],"fullName":"index.test smoke","invocations":1,"location":null,"numPassingAsserts":1,"retryReasons":[],"status":"passed","title":"smoke"}],"endTime":1754789278911,"message":"","name":"C:\\dom-v2\\frontend\\src\\components\\ui\\index.test.ts","startTime":1754789278814,"status":"passed","summary":""},{"assertionResults":[{"ancestorTitles":["Icon.test"],"duration":0,"failureDetails":[],"failureMessages":[],"fullName":"Icon.test smoke","invocations":1,"location":null,"numPassingAsserts":1,"retryReasons":[],"status":"passed","title":"smoke"}],"endTime":1754789279029,"message":"","name":"C:\\dom-v2\\frontend\\src\\components\\shared\\Icon.test.tsx","startTime":1754789278919,"status":"passed","summary":""},{"assertionResults":[{"ancestorTitles":["PayrollSystem.test"],"duration":1,"failureDetails":[],"failureMessages":[],"fullName":"PayrollSystem.test smoke","invocations":1,"location":null,"numPassingAsserts":1,"retryReasons":[],"status":"passed","title":"smoke"}],"endTime":1754789279142,"message":"","name":"C:\\dom-v2\\frontend\\src\\components\\payroll\\PayrollSystem.test.tsx","startTime":1754789279034,"status":"passed","summary":""},{"assertionResults":[{"ancestorTitles":["TimeClockSystem.test"],"duration":0,"failureDetails":[],"failureMessages":[],"fullName":"TimeClockSystem.test smoke","invocations":1,"location":null,"numPassingAsserts":1,"retryReasons":[],"status":"passed","title":"smoke"}],"endTime":1754789279245,"message":"","name":"C:\\dom-v2\\frontend\\src\\components\\timeclock\\TimeClockSystem.test.tsx","startTime":1754789279147,"status":"passed","summary":""},{"assertionResults":[{"ancestorTitles":["TaskCard.test"],"duration":0,"failureDetails":[],"failureMessages":[],"fullName":"TaskCard.test smoke","invocations":1,"location":null,"numPassingAsserts":1,"retryReasons":[],"status":"passed","title":"smoke"}],"endTime":1754789279349,"message":"","name":"C:\\dom-v2\\frontend\\src\\components\\cards\\TaskCard.test.tsx","startTime":1754789279250,"status":"passed","summary":""},{"assertionResults":[{"ancestorTitles":["SplashScreen.test"],"duration":0,"failureDetails":[],"failureMessages":[],"fullName":"SplashScreen.test smoke","invocations":1,"location":null,"numPassingAsserts":1,"retryReasons":[],"status":"passed","title":"smoke"}],"endTime":1754789279456,"message":"","name":"C:\\dom-v2\\frontend\\src\\components\\SplashScreen.test.tsx","startTime":1754789279356,"status":"passed","summary":""},{"assertionResults":[{"ancestorTitles":["Form.test"],"duration":0,"failureDetails":[],"failureMessages":[],"fullName":"Form.test smoke","invocations":1,"location":null,"numPassingAsserts":1,"retryReasons":[],"status":"passed","title":"smoke"}],"endTime":1754789279563,"message":"","name":"C:\\dom-v2\\frontend\\src\\components\\Form.test.tsx","startTime":1754789279462,"status":"passed","summary":""},{"assertionResults":[{"ancestorTitles":["CPFCNPJInput.test"],"duration":0,"failureDetails":[],"failureMessages":[],"fullName":"CPFCNPJInput.test smoke","invocations":1,"location":null,"numPassingAsserts":1,"retryReasons":[],"status":"passed","title":"smoke"}],"endTime":1754789279679,"message":"","name":"C:\\dom-v2\\frontend\\src\\components\\ui\\CPFCNPJInput.test.tsx","startTime":1754789279575,"status":"passed","summary":""},{"assertionResults":[{"ancestorTitles":["Button.test"],"duration":1,"failureDetails":[],"failureMessages":[],"fullName":"Button.test smoke","invocations":1,"location":null,"numPassingAsserts":1,"retryReasons":[],"status":"passed","title":"smoke"}],"endTime":1754789279783,"message":"","name":"C:\\dom-v2\\frontend\\src\\components\\forms\\Button.test.tsx","startTime":1754789279684,"status":"passed","summary":""},{"assertionResults":[{"ancestorTitles":["budget-validation.test"],"duration":1,"failureDetails":[],"failureMessages":[],"fullName":"budget-validation.test smoke","invocations":1,"location":null,"numPassingAsserts":1,"retryReasons":[],"status":"passed","title":"smoke"}],"endTime":1754789279892,"message":"","name":"C:\\dom-v2\\frontend\\src\\utils\\budget-validation.test.ts","startTime":1754789279791,"status":"passed","summary":""},{"assertionResults":[{"ancestorTitles":["async-storage-mock.test"],"duration":1,"failureDetails":[],"failureMessages":[],"fullName":"async-storage-mock.test smoke","invocations":1,"location":null,"numPassingAsserts":1,"retryReasons":[],"status":"passed","title":"smoke"}],"endTime":1754789279997,"message":"","name":"C:\\dom-v2\\frontend\\src\\utils\\async-storage-mock.test.ts","startTime":1754789279896,"status":"passed","summary":""},{"assertionResults":[{"ancestorTitles":["SideMenu.test"],"duration":1,"failureDetails":[],"failureMessages":[],"fullName":"SideMenu.test smoke","invocations":1,"location":null,"numPassingAsserts":1,"retryReasons":[],"status":"passed","title":"smoke"}],"endTime":1754789280113,"message":"","name":"C:\\dom-v2\\frontend\\src\\components\\SideMenu.test.tsx","startTime":1754789280002,"status":"passed","summary":""},{"assertionResults":[{"ancestorTitles":["notification-list.test"],"duration":1,"failureDetails":[],"failureMessages":[],"fullName":"notification-list.test smoke","invocations":1,"location":null,"numPassingAsserts":1,"retryReasons":[],"status":"passed","title":"smoke"}],"endTime":1754789280216,"message":"","name":"C:\\dom-v2\\frontend\\src\\components\\notification-list.test.tsx","startTime":1754789280118,"status":"passed","summary":""},{"assertionResults":[{"ancestorTitles":["BudgetScreen.test"],"duration":1,"failureDetails":[],"failureMessages":[],"fullName":"BudgetScreen.test smoke","invocations":1,"location":null,"numPassingAsserts":1,"retryReasons":[],"status":"passed","title":"smoke"}],"endTime":1754789280320,"message":"","name":"C:\\dom-v2\\frontend\\src\\screens\\budget\\BudgetScreen.test.tsx","startTime":1754789280226,"status":"passed","summary":""},{"assertionResults":[{"ancestorTitles":["CPFCNPJExample.test"],"duration":1,"failureDetails":[],"failureMessages":[],"fullName":"CPFCNPJExample.test smoke","invocations":1,"location":null,"numPassingAsserts":1,"retryReasons":[],"status":"passed","title":"smoke"}],"endTime":1754789280430,"message":"","name":"C:\\dom-v2\\frontend\\src\\components\\examples\\CPFCNPJExample.test.tsx","startTime":1754789280327,"status":"passed","summary":""},{"assertionResults":[{"ancestorTitles":["index.test"],"duration":1,"failureDetails":[],"failureMessages":[],"fullName":"index.test smoke","invocations":1,"location":null,"numPassingAsserts":1,"retryReasons":[],"status":"passed","title":"smoke"}],"endTime":1754789280536,"message":"","name":"C:\\dom-v2\\frontend\\src\\components\\budget\\index.test.ts","startTime":1754789280434,"status":"passed","summary":""},{"assertionResults":[{"ancestorTitles":["BudgetList.test"],"duration":0,"failureDetails":[],"failureMessages":[],"fullName":"BudgetList.test smoke","invocations":1,"location":null,"numPassingAsserts":1,"retryReasons":[],"status":"passed","title":"smoke"}],"endTime":1754789280651,"message":"","name":"C:\\dom-v2\\frontend\\src\\components\\budget\\BudgetList.test.tsx","startTime":1754789280544,"status":"passed","summary":""},{"assertionResults":[{"ancestorTitles":["useBiometric.test"],"duration":1,"failureDetails":[],"failureMessages":[],"fullName":"useBiometric.test smoke","invocations":1,"location":null,"numPassingAsserts":1,"retryReasons":[],"status":"passed","title":"smoke"}],"endTime":1754789280759,"message":"","name":"C:\\dom-v2\\frontend\\src\\components\\biometric\\useBiometric.test.ts","startTime":1754789280659,"status":"passed","summary":""},{"assertionResults":[{"ancestorTitles":["turbo-module-mock.test"],"duration":2,"failureDetails":[],"failureMessages":[],"fullName":"turbo-module-mock.test smoke","invocations":1,"location":null,"numPassingAsserts":1,"retryReasons":[],"status":"passed","title":"smoke"}],"endTime":1754789280857,"message":"","name":"C:\\dom-v2\\frontend\\src\\utils\\turbo-module-mock.test.ts","startTime":1754789280763,"status":"passed","summary":""},{"assertionResults":[{"ancestorTitles":["profile-selector.test"],"duration":1,"failureDetails":[],"failureMessages":[],"fullName":"profile-selector.test smoke","invocations":1,"location":null,"numPassingAsserts":1,"retryReasons":[],"status":"passed","title":"smoke"}],"endTime":1754789280963,"message":"","name":"C:\\dom-v2\\frontend\\src\\components\\profile-selector.test.tsx","startTime":1754789280864,"status":"passed","summary":""},{"assertionResults":[{"ancestorTitles":["Header.test"],"duration":0,"failureDetails":[],"failureMessages":[],"fullName":"Header.test smoke","invocations":1,"location":null,"numPassingAsserts":1,"retryReasons":[],"status":"passed","title":"smoke"}],"endTime":1754789281067,"message":"","name":"C:\\dom-v2\\frontend\\src\\components\\Header.test.tsx","startTime":1754789280969,"status":"passed","summary":""},{"assertionResults":[{"ancestorTitles":["Table.test"],"duration":1,"failureDetails":[],"failureMessages":[],"fullName":"Table.test smoke","invocations":1,"location":null,"numPassingAsserts":1,"retryReasons":[],"status":"passed","title":"smoke"}],"endTime":1754789281176,"message":"","name":"C:\\dom-v2\\frontend\\src\\components\\ui\\Table.test.tsx","startTime":1754789281074,"status":"passed","summary":""},{"assertionResults":[{"ancestorTitles":["CEPInput.test"],"duration":1,"failureDetails":[],"failureMessages":[],"fullName":"CEPInput.test smoke","invocations":1,"location":null,"numPassingAsserts":1,"retryReasons":[],"status":"passed","title":"smoke"}],"endTime":1754789281281,"message":"","name":"C:\\dom-v2\\frontend\\src\\components\\ui\\CEPInput.test.tsx","startTime":1754789281180,"status":"passed","summary":""},{"assertionResults":[{"ancestorTitles":["PayrollDetails.test"],"duration":2,"failureDetails":[],"failureMessages":[],"fullName":"PayrollDetails.test smoke","invocations":1,"location":null,"numPassingAsserts":1,"retryReasons":[],"status":"passed","title":"smoke"}],"endTime":1754789281390,"message":"","name":"C:\\dom-v2\\frontend\\src\\components\\payroll\\PayrollDetails.test.tsx","startTime":1754789281288,"status":"passed","summary":""},{"assertionResults":[{"ancestorTitles":["BudgetForm.test"],"duration":1,"failureDetails":[],"failureMessages":[],"fullName":"BudgetForm.test smoke","invocations":1,"location":null,"numPassingAsserts":1,"retryReasons":[],"status":"passed","title":"smoke"}],"endTime":1754789281495,"message":"","name":"C:\\dom-v2\\frontend\\src\\components\\budget\\BudgetForm.test.tsx","startTime":1754789281394,"status":"passed","summary":""},{"assertionResults":[{"ancestorTitles":["device-optimization.test"],"duration":1,"failureDetails":[],"failureMessages":[],"fullName":"device-optimization.test smoke","invocations":1,"location":null,"numPassingAsserts":1,"retryReasons":[],"status":"passed","title":"smoke"}],"endTime":1754789281630,"message":"","name":"C:\\dom-v2\\frontend\\src\\utils\\device-optimization.test.ts","startTime":1754789281505,"status":"passed","summary":""},{"assertionResults":[{"ancestorTitles":["TimeClockHistory.test"],"duration":1,"failureDetails":[],"failureMessages":[],"fullName":"TimeClockHistory.test smoke","invocations":1,"location":null,"numPassingAsserts":1,"retryReasons":[],"status":"passed","title":"smoke"}],"endTime":1754789281739,"message":"","name":"C:\\dom-v2\\frontend\\src\\components\\timeclock\\TimeClockHistory.test.tsx","startTime":1754789281639,"status":"passed","summary":""},{"assertionResults":[{"ancestorTitles":["PayrollHistory.test"],"duration":0,"failureDetails":[],"failureMessages":[],"fullName":"PayrollHistory.test smoke","invocations":1,"location":null,"numPassingAsserts":1,"retryReasons":[],"status":"passed","title":"smoke"}],"endTime":1754789281845,"message":"","name":"C:\\dom-v2\\frontend\\src\\components\\payroll\\PayrollHistory.test.tsx","startTime":1754789281743,"status":"passed","summary":""},{"assertionResults":[{"ancestorTitles":["messages.test"],"duration":1,"failureDetails":[],"failureMessages":[],"fullName":"messages.test smoke","invocations":1,"location":null,"numPassingAsserts":1,"retryReasons":[],"status":"passed","title":"smoke"}],"endTime":1754789281967,"message":"","name":"C:\\dom-v2\\frontend\\src\\utils\\messages.test.ts","startTime":1754789281856,"status":"passed","summary":""},{"assertionResults":[{"ancestorTitles":["generic-functions.test"],"duration":0,"failureDetails":[],"failureMessages":[],"fullName":"generic-functions.test smoke","invocations":1,"location":null,"numPassingAsserts":1,"retryReasons":[],"status":"passed","title":"smoke"}],"endTime":1754789282079,"message":"","name":"C:\\dom-v2\\frontend\\src\\utils\\generic-functions.test.ts","startTime":1754789281975,"status":"passed","summary":""},{"assertionResults":[{"ancestorTitles":["Navigation.test"],"duration":1,"failureDetails":[],"failureMessages":[],"fullName":"Navigation.test smoke","invocations":1,"location":null,"numPassingAsserts":1,"retryReasons":[],"status":"passed","title":"smoke"}],"endTime":1754789282188,"message":"","name":"C:\\dom-v2\\frontend\\src\\components\\Navigation.test.tsx","startTime":1754789282084,"status":"passed","summary":""},{"assertionResults":[{"ancestorTitles":["TimeClockEntry.test"],"duration":0,"failureDetails":[],"failureMessages":[],"fullName":"TimeClockEntry.test smoke","invocations":1,"location":null,"numPassingAsserts":1,"retryReasons":[],"status":"passed","title":"smoke"}],"endTime":1754789282290,"message":"","name":"C:\\dom-v2\\frontend\\src\\components\\timeclock\\TimeClockEntry.test.tsx","startTime":1754789282192,"status":"passed","summary":""},{"assertionResults":[{"ancestorTitles":["Header.test"],"duration":1,"failureDetails":[],"failureMessages":[],"fullName":"Header.test smoke","invocations":1,"location":null,"numPassingAsserts":1,"retryReasons":[],"status":"passed","title":"smoke"}],"endTime":1754789282392,"message":"","name":"C:\\dom-v2\\frontend\\src\\components\\shared\\Header.test.tsx","startTime":1754789282295,"status":"passed","summary":""},{"assertionResults":[{"ancestorTitles":["simple-notifications.test"],"duration":1,"failureDetails":[],"failureMessages":[],"fullName":"simple-notifications.test smoke","invocations":1,"location":null,"numPassingAsserts":1,"retryReasons":[],"status":"passed","title":"smoke"}],"endTime":1754789282495,"message":"","name":"C:\\dom-v2\\frontend\\src\\utils\\simple-notifications.test.ts","startTime":1754789282400,"status":"passed","summary":""},{"assertionResults":[{"ancestorTitles":["CPFCNPJInput.test"],"duration":1,"failureDetails":[],"failureMessages":[],"fullName":"CPFCNPJInput.test smoke","invocations":1,"location":null,"numPassingAsserts":1,"retryReasons":[],"status":"passed","title":"smoke"}],"endTime":1754789282601,"message":"","name":"C:\\dom-v2\\frontend\\src\\components\\CPFCNPJInput.test.tsx","startTime":1754789282500,"status":"passed","summary":""},{"assertionResults":[{"ancestorTitles":["Card.test"],"duration":0,"failureDetails":[],"failureMessages":[],"fullName":"Card.test smoke","invocations":1,"location":null,"numPassingAsserts":1,"retryReasons":[],"status":"passed","title":"smoke"}],"endTime":1754789282711,"message":"","name":"C:\\dom-v2\\frontend\\src\\components\\Card.test.tsx","startTime":1754789282607,"status":"passed","summary":""},{"assertionResults":[{"ancestorTitles":["Input.test"],"duration":0,"failureDetails":[],"failureMessages":[],"fullName":"Input.test smoke","invocations":1,"location":null,"numPassingAsserts":1,"retryReasons":[],"status":"passed","title":"smoke"}],"endTime":1754789282813,"message":"","name":"C:\\dom-v2\\frontend\\src\\components\\ui\\Input.test.tsx","startTime":1754789282716,"status":"passed","summary":""},{"assertionResults":[{"ancestorTitles":["Chart.test"],"duration":0,"failureDetails":[],"failureMessages":[],"fullName":"Chart.test smoke","invocations":1,"location":null,"numPassingAsserts":1,"retryReasons":[],"status":"passed","title":"smoke"}],"endTime":1754789282922,"message":"","name":"C:\\dom-v2\\frontend\\src\\components\\ui\\Chart.test.tsx","startTime":1754789282820,"status":"passed","summary":""},{"assertionResults":[{"ancestorTitles":["PayrollCalculator.test"],"duration":1,"failureDetails":[],"failureMessages":[],"fullName":"PayrollCalculator.test smoke","invocations":1,"location":null,"numPassingAsserts":1,"retryReasons":[],"status":"passed","title":"smoke"}],"endTime":1754789283024,"message":"","name":"C:\\dom-v2\\frontend\\src\\components\\payroll\\PayrollCalculator.test.tsx","startTime":1754789282927,"status":"passed","summary":""},{"assertionResults":[{"ancestorTitles":["ComponentExamples.test"],"duration":0,"failureDetails":[],"failureMessages":[],"fullName":"ComponentExamples.test smoke","invocations":1,"location":null,"numPassingAsserts":1,"retryReasons":[],"status":"passed","title":"smoke"}],"endTime":1754789283134,"message":"","name":"C:\\dom-v2\\frontend\\src\\components\\examples\\ComponentExamples.test.tsx","startTime":1754789283031,"status":"passed","summary":""},{"assertionResults":[{"ancestorTitles":["budget-index.test"],"duration":0,"failureDetails":[],"failureMessages":[],"fullName":"budget-index.test smoke","invocations":1,"location":null,"numPassingAsserts":1,"retryReasons":[],"status":"passed","title":"smoke"}],"endTime":1754789283244,"message":"","name":"C:\\dom-v2\\frontend\\src\\components\\budget\\budget-index.test.ts","startTime":1754789283141,"status":"passed","summary":""},{"assertionResults":[{"ancestorTitles":["BiometricLogin.test"],"duration":1,"failureDetails":[],"failureMessages":[],"fullName":"BiometricLogin.test smoke","invocations":1,"location":null,"numPassingAsserts":1,"retryReasons":[],"status":"passed","title":"smoke"}],"endTime":1754789283348,"message":"","name":"C:\\dom-v2\\frontend\\src\\components\\biometric\\BiometricLogin.test.tsx","startTime":1754789283252,"status":"passed","summary":""},{"assertionResults":[{"ancestorTitles":["regional-selector.test"],"duration":1,"failureDetails":[],"failureMessages":[],"fullName":"regional-selector.test smoke","invocations":1,"location":null,"numPassingAsserts":1,"retryReasons":[],"status":"passed","title":"smoke"}],"endTime":1754789283448,"message":"","name":"C:\\dom-v2\\frontend\\src\\components\\regional-selector.test.tsx","startTime":1754789283354,"status":"passed","summary":""},{"assertionResults":[{"ancestorTitles":["BudgetCard.test"],"duration":0,"failureDetails":[],"failureMessages":[],"fullName":"BudgetCard.test smoke","invocations":1,"location":null,"numPassingAsserts":1,"retryReasons":[],"status":"passed","title":"smoke"}],"endTime":1754789283554,"message":"","name":"C:\\dom-v2\\frontend\\src\\components\\budget\\BudgetCard.test.tsx","startTime":1754789283455,"status":"passed","summary":""},{"assertionResults":[{"ancestorTitles":["EnhancedLogin.test"],"duration":1,"failureDetails":[],"failureMessages":[],"fullName":"EnhancedLogin.test smoke","invocations":1,"location":null,"numPassingAsserts":1,"retryReasons":[],"status":"passed","title":"smoke"}],"endTime":1754789283658,"message":"","name":"C:\\dom-v2\\frontend\\src\\components\\auth\\EnhancedLogin.test.tsx","startTime":1754789283558,"status":"passed","summary":""},{"assertionResults":[{"ancestorTitles":["constants.test"],"duration":0,"failureDetails":[],"failureMessages":[],"fullName":"constants.test smoke","invocations":1,"location":null,"numPassingAsserts":1,"retryReasons":[],"status":"passed","title":"smoke"}],"endTime":1754789283779,"message":"","name":"C:\\dom-v2\\frontend\\src\\utils\\constants.test.ts","startTime":1754789283669,"status":"passed","summary":""},{"assertionResults":[{"ancestorTitles":["config.test"],"duration":1,"failureDetails":[],"failureMessages":[],"fullName":"config.test smoke","invocations":1,"location":null,"numPassingAsserts":1,"retryReasons":[],"status":"passed","title":"smoke"}],"endTime":1754789283926,"message":"","name":"C:\\dom-v2\\frontend\\src\\utils\\config.test.ts","startTime":1754789283787,"status":"passed","summary":""},{"assertionResults":[{"ancestorTitles":["BudgetChart.test"],"duration":1,"failureDetails":[],"failureMessages":[],"fullName":"BudgetChart.test smoke","invocations":1,"location":null,"numPassingAsserts":1,"retryReasons":[],"status":"passed","title":"smoke"}],"endTime":1754789284030,"message":"","name":"C:\\dom-v2\\frontend\\src\\components\\budget\\BudgetChart.test.tsx","startTime":1754789283930,"status":"passed","summary":""},{"assertionResults":[{"ancestorTitles":["setup"],"duration":1,"failureDetails":[],"failureMessages":[],"fullName":"setup setup smoke","invocations":1,"location":null,"numPassingAsserts":1,"retryReasons":[],"status":"passed","title":"setup smoke"}],"endTime":1754789284145,"message":"","name":"C:\\dom-v2\\frontend\\src\\__tests__\\setup.ts","startTime":1754789284038,"status":"passed","summary":""},{"assertionResults":[{"ancestorTitles":["DesignSystem.test"],"duration":1,"failureDetails":[],"failureMessages":[],"fullName":"DesignSystem.test smoke","invocations":1,"location":null,"numPassingAsserts":1,"retryReasons":[],"status":"passed","title":"smoke"}],"endTime":1754789284246,"message":"","name":"C:\\dom-v2\\frontend\\src\\components\\ui\\DesignSystem.test.tsx","startTime":1754789284151,"status":"passed","summary":""},{"assertionResults":[{"ancestorTitles":["TimeClockReport.test"],"duration":0,"failureDetails":[],"failureMessages":[],"fullName":"TimeClockReport.test smoke","invocations":1,"location":null,"numPassingAsserts":1,"retryReasons":[],"status":"passed","title":"smoke"}],"endTime":1754789284344,"message":"","name":"C:\\dom-v2\\frontend\\src\\components\\timeclock\\TimeClockReport.test.tsx","startTime":1754789284252,"status":"passed","summary":""},{"assertionResults":[{"ancestorTitles":["budget-calculations.test"],"duration":1,"failureDetails":[],"failureMessages":[],"fullName":"budget-calculations.test smoke","invocations":1,"location":null,"numPassingAsserts":1,"retryReasons":[],"status":"passed","title":"smoke"}],"endTime":1754789284448,"message":"","name":"C:\\dom-v2\\frontend\\src\\utils\\budget-calculations.test.ts","startTime":1754789284354,"status":"passed","summary":""},{"assertionResults":[],"coverage":{},"endTime":1754789293145,"message":"  \u001b[1m● \u001b[22mTest suite failed to run\n\n    Cannot find module '@testing-library/react' from 'src/components/ui/__tests__/toast.smoke.test.tsx'\n\n    \u001b[0m \u001b[90m 1 |\u001b[39m \u001b[36mimport\u001b[39m \u001b[33mReact\u001b[39m \u001b[36mfrom\u001b[39m \u001b[32m'react'\u001b[39m\u001b[33m;\u001b[39m\n    \u001b[31m\u001b[1m>\u001b[22m\u001b[39m\u001b[90m 2 |\u001b[39m \u001b[36mimport\u001b[39m { render } \u001b[36mfrom\u001b[39m \u001b[32m'@testing-library/react'\u001b[39m\u001b[33m;\u001b[39m\n     \u001b[90m   |\u001b[39m \u001b[31m\u001b[1m^\u001b[22m\u001b[39m\n     \u001b[90m 3 |\u001b[39m \u001b[36mimport\u001b[39m \u001b[33mToast\u001b[39m \u001b[36mfrom\u001b[39m \u001b[32m'../Toast'\u001b[39m\u001b[33m;\u001b[39m\n     \u001b[90m 4 |\u001b[39m\n     \u001b[90m 5 |\u001b[39m describe(\u001b[32m'Toast (smoke)'\u001b[39m\u001b[33m,\u001b[39m () \u001b[33m=>\u001b[39m {\u001b[0m\n\n      \u001b[2mat Resolver._throwModNotFoundError (\u001b[22mnode_modules/jest-resolve/build/resolver.js\u001b[2m:427:11)\u001b[22m\n      \u001b[2mat Object.require (\u001b[22m\u001b[0m\u001b[36msrc/components/ui/__tests__/toast.smoke.test.tsx\u001b[39m\u001b[0m\u001b[2m:2:1)\u001b[22m\n","name":"C:\\dom-v2\\frontend\\src\\components\\ui\\__tests__\\toast.smoke.test.tsx","startTime":1754789293145,"status":"failed","summary":""},{"assertionResults":[],"coverage":{},"endTime":1754789293145,"message":"  \u001b[1m● \u001b[22mTest suite failed to run\n\n    Cannot find module '@testing-library/react' from 'src/components/ui/__tests__/table.smoke.test.tsx'\n\n    \u001b[0m \u001b[90m 1 |\u001b[39m \u001b[36mimport\u001b[39m \u001b[33mReact\u001b[39m \u001b[36mfrom\u001b[39m \u001b[32m'react'\u001b[39m\u001b[33m;\u001b[39m\n    \u001b[31m\u001b[1m>\u001b[22m\u001b[39m\u001b[90m 2 |\u001b[39m \u001b[36mimport\u001b[39m { render } \u001b[36mfrom\u001b[39m \u001b[32m'@testing-library/react'\u001b[39m\u001b[33m;\u001b[39m\n     \u001b[90m   |\u001b[39m \u001b[31m\u001b[1m^\u001b[22m\u001b[39m\n     \u001b[90m 3 |\u001b[39m \u001b[36mimport\u001b[39m \u001b[33mTable\u001b[39m \u001b[36mfrom\u001b[39m \u001b[32m'../Table'\u001b[39m\u001b[33m;\u001b[39m\n     \u001b[90m 4 |\u001b[39m\n     \u001b[90m 5 |\u001b[39m describe(\u001b[32m'Table (smoke)'\u001b[39m\u001b[33m,\u001b[39m () \u001b[33m=>\u001b[39m {\u001b[0m\n\n      \u001b[2mat Resolver._throwModNotFoundError (\u001b[22mnode_modules/jest-resolve/build/resolver.js\u001b[2m:427:11)\u001b[22m\n      \u001b[2mat Object.require (\u001b[22m\u001b[0m\u001b[36msrc/components/ui/__tests__/table.smoke.test.tsx\u001b[39m\u001b[0m\u001b[2m:2:1)\u001b[22m\n","name":"C:\\dom-v2\\frontend\\src\\components\\ui\\__tests__\\table.smoke.test.tsx","startTime":1754789293145,"status":"failed","summary":""},{"assertionResults":[],"coverage":{},"endTime":1754789293145,"message":"  \u001b[1m● \u001b[22mTest suite failed to run\n\n    Cannot find module '@testing-library/react' from 'src/components/ui/__tests__/cpfcnpjinput.smoke.test.tsx'\n\n    \u001b[0m \u001b[90m 1 |\u001b[39m \u001b[36mimport\u001b[39m \u001b[33mReact\u001b[39m \u001b[36mfrom\u001b[39m \u001b[32m'react'\u001b[39m\u001b[33m;\u001b[39m\n    \u001b[31m\u001b[1m>\u001b[22m\u001b[39m\u001b[90m 2 |\u001b[39m \u001b[36mimport\u001b[39m { render } \u001b[36mfrom\u001b[39m \u001b[32m'@testing-library/react'\u001b[39m\u001b[33m;\u001b[39m\n     \u001b[90m   |\u001b[39m \u001b[31m\u001b[1m^\u001b[22m\u001b[39m\n     \u001b[90m 3 |\u001b[39m \u001b[36mimport\u001b[39m \u001b[33mCPFCNPJInput\u001b[39m \u001b[36mfrom\u001b[39m \u001b[32m'../CPFCNPJInput'\u001b[39m\u001b[33m;\u001b[39m\n     \u001b[90m 4 |\u001b[39m\n     \u001b[90m 5 |\u001b[39m describe(\u001b[32m'CPFCNPJInput (smoke)'\u001b[39m\u001b[33m,\u001b[39m () \u001b[33m=>\u001b[39m {\u001b[0m\n\n      \u001b[2mat Resolver._throwModNotFoundError (\u001b[22mnode_modules/jest-resolve/build/resolver.js\u001b[2m:427:11)\u001b[22m\n      \u001b[2mat Object.require (\u001b[22m\u001b[0m\u001b[36msrc/components/ui/__tests__/cpfcnpjinput.smoke.test.tsx\u001b[39m\u001b[0m\u001b[2m:2:1)\u001b[22m\n","name":"C:\\dom-v2\\frontend\\src\\components\\ui\\__tests__\\cpfcnpjinput.smoke.test.tsx","startTime":1754789293145,"status":"failed","summary":""},{"assertionResults":[],"coverage":{},"endTime":1754789293145,"message":"  \u001b[1m● \u001b[22mTest suite failed to run\n\n    Cannot find module '@testing-library/react' from 'src/components/__tests__/button-card.smoke.test.tsx'\n\n    \u001b[0m \u001b[90m 1 |\u001b[39m \u001b[36mimport\u001b[39m \u001b[33mReact\u001b[39m \u001b[36mfrom\u001b[39m \u001b[32m'react'\u001b[39m\u001b[33m;\u001b[39m\n    \u001b[31m\u001b[1m>\u001b[22m\u001b[39m\u001b[90m 2 |\u001b[39m \u001b[36mimport\u001b[39m { render } \u001b[36mfrom\u001b[39m \u001b[32m'@testing-library/react'\u001b[39m\u001b[33m;\u001b[39m\n     \u001b[90m   |\u001b[39m \u001b[31m\u001b[1m^\u001b[22m\u001b[39m\n     \u001b[90m 3 |\u001b[39m \u001b[36mimport\u001b[39m \u001b[33mButton\u001b[39m \u001b[36mfrom\u001b[39m \u001b[32m'../Button'\u001b[39m\u001b[33m;\u001b[39m\n     \u001b[90m 4 |\u001b[39m \u001b[36mimport\u001b[39m \u001b[33mCard\u001b[39m \u001b[36mfrom\u001b[39m \u001b[32m'../Card'\u001b[39m\u001b[33m;\u001b[39m\n     \u001b[90m 5 |\u001b[39m\u001b[0m\n\n      \u001b[2mat Resolver._throwModNotFoundError (\u001b[22mnode_modules/jest-resolve/build/resolver.js\u001b[2m:427:11)\u001b[22m\n      \u001b[2mat Object.require (\u001b[22m\u001b[0m\u001b[36msrc/components/__tests__/button-card.smoke.test.tsx\u001b[39m\u001b[0m\u001b[2m:2:1)\u001b[22m\n","name":"C:\\dom-v2\\frontend\\src\\components\\__tests__\\button-card.smoke.test.tsx","startTime":1754789293145,"status":"failed","summary":""}],"wasInterrupted":false,"coverageMap":{"C:\\dom-v2\\frontend\\src\\App.tsx":{"path":"C:\\dom-v2\\frontend\\src\\App.tsx","statementMap":{"0":{"start":{"line":16,"column":22},"end":{"line":26,"column":1}},"1":{"start":{"line":17,"column":2},"end":{"line":25,"column":4}}},"fnMap":{"0":{"name":"(anonymous_0)","decl":{"start":{"line":16,"column":22},"end":{"line":16,"column":23}},"loc":{"start":{"line":16,"column":28},"end":{"line":26,"column":1}},"line":16}},"branchMap":{},"s":{"0":0,"1":0},"f":{"0":0},"b":{}},"C:\\dom-v2\\frontend\\src\\services\\api.ts":{"path":"C:\\dom-v2\\frontend\\src\\services\\api.ts","statementMap":{"0":{"start":{"line":15,"column":4},"end":{"line":15,"column":39}},"1":{"start":{"line":19,"column":4},"end":{"line":24,"column":5}},"2":{"start":{"line":20,"column":6},"end":{"line":20,"column":48}},"3":{"start":{"line":22,"column":6},"end":{"line":22,"column":51}},"4":{"start":{"line":23,"column":6},"end":{"line":23,"column":18}},"5":{"start":{"line":28,"column":18},"end":{"line":28,"column":43}},"6":{"start":{"line":29,"column":44},"end":{"line":31,"column":5}},"7":{"start":{"line":33,"column":4},"end":{"line":35,"column":5}},"8":{"start":{"line":34,"column":6},"end":{"line":34,"column":51}},"9":{"start":{"line":37,"column":4},"end":{"line":37,"column":19}},"10":{"start":{"line":41,"column":4},"end":{"line":47,"column":5}},"11":{"start":{"line":42,"column":24},"end":{"line":42,"column":63}},"12":{"start":{"line":42,"column":59},"end":{"line":42,"column":61}},"13":{"start":{"line":43,"column":6},"end":{"line":46,"column":20}},"14":{"start":{"line":49,"column":4},"end":{"line":49,"column":53}},"15":{"start":{"line":53,"column":4},"end":{"line":69,"column":5}},"16":{"start":{"line":54,"column":17},"end":{"line":54,"column":54}},"17":{"start":{"line":55,"column":6},"end":{"line":55,"column":28}},"18":{"start":{"line":55,"column":15},"end":{"line":55,"column":28}},"19":{"start":{"line":56,"column":23},"end":{"line":60,"column":8}},"20":{"start":{"line":61,"column":19},"end":{"line":61,"column":58}},"21":{"start":{"line":61,"column":54},"end":{"line":61,"column":56}},"22":{"start":{"line":62,"column":6},"end":{"line":65,"column":7}},"23":{"start":{"line":63,"column":8},"end":{"line":63,"column":55}},"24":{"start":{"line":64,"column":8},"end":{"line":64,"column":20}},"25":{"start":{"line":66,"column":6},"end":{"line":66,"column":19}},"26":{"start":{"line":68,"column":6},"end":{"line":68,"column":19}},"27":{"start":{"line":73,"column":24},"end":{"line":80,"column":5}},"28":{"start":{"line":74,"column":22},"end":{"line":74,"column":45}},"29":{"start":{"line":75,"column":32},"end":{"line":75,"column":51}},"30":{"start":{"line":76,"column":6},"end":{"line":78,"column":7}},"31":{"start":{"line":77,"column":8},"end":{"line":77,"column":41}},"32":{"start":{"line":79,"column":6},"end":{"line":79,"column":50}},"33":{"start":{"line":82,"column":4},"end":{"line":99,"column":5}},"34":{"start":{"line":83,"column":21},"end":{"line":83,"column":40}},"35":{"start":{"line":84,"column":6},"end":{"line":92,"column":7}},"36":{"start":{"line":85,"column":26},"end":{"line":85,"column":54}},"37":{"start":{"line":86,"column":8},"end":{"line":91,"column":9}},"38":{"start":{"line":87,"column":10},"end":{"line":87,"column":41}},"39":{"start":{"line":89,"column":10},"end":{"line":89,"column":65}},"40":{"start":{"line":89,"column":16},"end":{"line":89,"column":54}},"41":{"start":{"line":90,"column":10},"end":{"line":90,"column":84}},"42":{"start":{"line":90,"column":16},"end":{"line":90,"column":73}},"43":{"start":{"line":93,"column":6},"end":{"line":93,"column":52}},"44":{"start":{"line":95,"column":6},"end":{"line":97,"column":7}},"45":{"start":{"line":96,"column":8},"end":{"line":96,"column":18}},"46":{"start":{"line":98,"column":6},"end":{"line":98,"column":63}},"47":{"start":{"line":103,"column":4},"end":{"line":103,"column":41}},"48":{"start":{"line":107,"column":4},"end":{"line":107,"column":48}},"49":{"start":{"line":111,"column":4},"end":{"line":111,"column":47}},"50":{"start":{"line":115,"column":4},"end":{"line":115,"column":44}},"51":{"start":{"line":119,"column":26},"end":{"line":119,"column":42}},"52":{"start":{"line":135,"column":2},"end":{"line":135,"column":69}},"53":{"start":{"line":139,"column":2},"end":{"line":139,"column":74}},"54":{"start":{"line":153,"column":2},"end":{"line":153,"column":72}},"55":{"start":{"line":157,"column":2},"end":{"line":157,"column":77}},"56":{"start":{"line":169,"column":11},"end":{"line":169,"column":13}},"57":{"start":{"line":170,"column":2},"end":{"line":177,"column":3}},"58":{"start":{"line":171,"column":14},"end":{"line":171,"column":35}},"59":{"start":{"line":172,"column":4},"end":{"line":172,"column":57}},"60":{"start":{"line":172,"column":24},"end":{"line":172,"column":57}},"61":{"start":{"line":173,"column":4},"end":{"line":173,"column":51}},"62":{"start":{"line":173,"column":22},"end":{"line":173,"column":51}},"63":{"start":{"line":174,"column":4},"end":{"line":174,"column":45}},"64":{"start":{"line":174,"column":20},"end":{"line":174,"column":45}},"65":{"start":{"line":175,"column":14},"end":{"line":175,"column":26}},"66":{"start":{"line":176,"column":4},"end":{"line":176,"column":24}},"67":{"start":{"line":176,"column":11},"end":{"line":176,"column":24}},"68":{"start":{"line":178,"column":2},"end":{"line":178,"column":84}},"69":{"start":{"line":182,"column":2},"end":{"line":182,"column":248}},"70":{"start":{"line":186,"column":2},"end":{"line":186,"column":83}},"71":{"start":{"line":198,"column":2},"end":{"line":198,"column":75}},"72":{"start":{"line":202,"column":2},"end":{"line":202,"column":80}},"73":{"start":{"line":206,"column":2},"end":{"line":206,"column":85}},"74":{"start":{"line":210,"column":2},"end":{"line":210,"column":80}}},"fnMap":{"0":{"name":"(anonymous_0)","decl":{"start":{"line":14,"column":2},"end":{"line":14,"column":3}},"loc":{"start":{"line":14,"column":16},"end":{"line":16,"column":3}},"line":14},"1":{"name":"(anonymous_1)","decl":{"start":{"line":18,"column":2},"end":{"line":18,"column":3}},"loc":{"start":{"line":18,"column":55},"end":{"line":25,"column":3}},"line":18},"2":{"name":"(anonymous_2)","decl":{"start":{"line":27,"column":2},"end":{"line":27,"column":3}},"loc":{"start":{"line":27,"column":62},"end":{"line":38,"column":3}},"line":27},"3":{"name":"(anonymous_3)","decl":{"start":{"line":40,"column":2},"end":{"line":40,"column":3}},"loc":{"start":{"line":40,"column":79},"end":{"line":50,"column":3}},"line":40},"4":{"name":"(anonymous_4)","decl":{"start":{"line":42,"column":52},"end":{"line":42,"column":53}},"loc":{"start":{"line":42,"column":59},"end":{"line":42,"column":61}},"line":42},"5":{"name":"(anonymous_5)","decl":{"start":{"line":52,"column":2},"end":{"line":52,"column":3}},"loc":{"start":{"line":52,"column":52},"end":{"line":70,"column":3}},"line":52},"6":{"name":"(anonymous_6)","decl":{"start":{"line":61,"column":47},"end":{"line":61,"column":48}},"loc":{"start":{"line":61,"column":54},"end":{"line":61,"column":56}},"line":61},"7":{"name":"(anonymous_7)","decl":{"start":{"line":72,"column":2},"end":{"line":72,"column":3}},"loc":{"start":{"line":72,"column":122},"end":{"line":100,"column":3}},"line":72},"8":{"name":"(anonymous_8)","decl":{"start":{"line":73,"column":24},"end":{"line":73,"column":25}},"loc":{"start":{"line":73,"column":55},"end":{"line":80,"column":5}},"line":73},"9":{"name":"(anonymous_9)","decl":{"start":{"line":102,"column":2},"end":{"line":102,"column":3}},"loc":{"start":{"line":102,"column":58},"end":{"line":104,"column":3}},"line":102},"10":{"name":"(anonymous_10)","decl":{"start":{"line":106,"column":2},"end":{"line":106,"column":3}},"loc":{"start":{"line":106,"column":70},"end":{"line":108,"column":3}},"line":106},"11":{"name":"(anonymous_11)","decl":{"start":{"line":110,"column":2},"end":{"line":110,"column":3}},"loc":{"start":{"line":110,"column":69},"end":{"line":112,"column":3}},"line":110},"12":{"name":"(anonymous_12)","decl":{"start":{"line":114,"column":2},"end":{"line":114,"column":3}},"loc":{"start":{"line":114,"column":61},"end":{"line":116,"column":3}},"line":114},"13":{"name":"getBudgets","decl":{"start":{"line":134,"column":22},"end":{"line":134,"column":32}},"loc":{"start":{"line":134,"column":35},"end":{"line":136,"column":1}},"line":134},"14":{"name":"createBudget","decl":{"start":{"line":138,"column":22},"end":{"line":138,"column":34}},"loc":{"start":{"line":138,"column":99},"end":{"line":140,"column":1}},"line":138},"15":{"name":"getPayments","decl":{"start":{"line":152,"column":22},"end":{"line":152,"column":33}},"loc":{"start":{"line":152,"column":36},"end":{"line":154,"column":1}},"line":152},"16":{"name":"createPayment","decl":{"start":{"line":156,"column":22},"end":{"line":156,"column":35}},"loc":{"start":{"line":156,"column":109},"end":{"line":158,"column":1}},"line":156},"17":{"name":"getTimeClock","decl":{"start":{"line":168,"column":22},"end":{"line":168,"column":34}},"loc":{"start":{"line":168,"column":96},"end":{"line":179,"column":1}},"line":168},"18":{"name":"getMetrics","decl":{"start":{"line":181,"column":22},"end":{"line":181,"column":32}},"loc":{"start":{"line":181,"column":35},"end":{"line":183,"column":1}},"line":181},"19":{"name":"createTimeEntry","decl":{"start":{"line":185,"column":22},"end":{"line":185,"column":37}},"loc":{"start":{"line":185,"column":102},"end":{"line":187,"column":1}},"line":185},"20":{"name":"getEmployees","decl":{"start":{"line":197,"column":22},"end":{"line":197,"column":34}},"loc":{"start":{"line":197,"column":37},"end":{"line":199,"column":1}},"line":197},"21":{"name":"createEmployee","decl":{"start":{"line":201,"column":22},"end":{"line":201,"column":36}},"loc":{"start":{"line":201,"column":118},"end":{"line":203,"column":1}},"line":201},"22":{"name":"updateEmployee","decl":{"start":{"line":205,"column":22},"end":{"line":205,"column":36}},"loc":{"start":{"line":205,"column":116},"end":{"line":207,"column":1}},"line":205},"23":{"name":"deleteEmployee","decl":{"start":{"line":209,"column":22},"end":{"line":209,"column":36}},"loc":{"start":{"line":209,"column":49},"end":{"line":211,"column":1}},"line":209}},"branchMap":{"0":{"loc":{"start":{"line":33,"column":4},"end":{"line":35,"column":5}},"type":"if","locations":[{"start":{"line":33,"column":4},"end":{"line":35,"column":5}},{"start":{},"end":{}}],"line":33},"1":{"loc":{"start":{"line":41,"column":4},"end":{"line":47,"column":5}},"type":"if","locations":[{"start":{"line":41,"column":4},"end":{"line":47,"column":5}},{"start":{},"end":{}}],"line":41},"2":{"loc":{"start":{"line":44,"column":17},"end":{"line":44,"column":89}},"type":"binary-expr","locations":[{"start":{"line":44,"column":17},"end":{"line":44,"column":41}},{"start":{"line":44,"column":45},"end":{"line":44,"column":71}},{"start":{"line":44,"column":75},"end":{"line":44,"column":89}}],"line":44},"3":{"loc":{"start":{"line":55,"column":6},"end":{"line":55,"column":28}},"type":"if","locations":[{"start":{"line":55,"column":6},"end":{"line":55,"column":28}},{"start":{},"end":{}}],"line":55},"4":{"loc":{"start":{"line":62,"column":6},"end":{"line":65,"column":7}},"type":"if","locations":[{"start":{"line":62,"column":6},"end":{"line":65,"column":7}},{"start":{},"end":{}}],"line":62},"5":{"loc":{"start":{"line":62,"column":10},"end":{"line":62,"column":38}},"type":"binary-expr","locations":[{"start":{"line":62,"column":10},"end":{"line":62,"column":23}},{"start":{"line":62,"column":27},"end":{"line":62,"column":38}}],"line":62},"6":{"loc":{"start":{"line":76,"column":6},"end":{"line":78,"column":7}},"type":"if","locations":[{"start":{"line":76,"column":6},"end":{"line":78,"column":7}},{"start":{},"end":{}}],"line":76},"7":{"loc":{"start":{"line":84,"column":6},"end":{"line":92,"column":7}},"type":"if","locations":[{"start":{"line":84,"column":6},"end":{"line":92,"column":7}},{"start":{},"end":{}}],"line":84},"8":{"loc":{"start":{"line":86,"column":8},"end":{"line":91,"column":9}},"type":"if","locations":[{"start":{"line":86,"column":8},"end":{"line":91,"column":9}},{"start":{"line":88,"column":15},"end":{"line":91,"column":9}}],"line":86},"9":{"loc":{"start":{"line":95,"column":6},"end":{"line":97,"column":7}},"type":"if","locations":[{"start":{"line":95,"column":6},"end":{"line":97,"column":7}},{"start":{},"end":{}}],"line":95},"10":{"loc":{"start":{"line":170,"column":2},"end":{"line":177,"column":3}},"type":"if","locations":[{"start":{"line":170,"column":2},"end":{"line":177,"column":3}},{"start":{},"end":{}}],"line":170},"11":{"loc":{"start":{"line":172,"column":4},"end":{"line":172,"column":57}},"type":"if","locations":[{"start":{"line":172,"column":4},"end":{"line":172,"column":57}},{"start":{},"end":{}}],"line":172},"12":{"loc":{"start":{"line":173,"column":4},"end":{"line":173,"column":51}},"type":"if","locations":[{"start":{"line":173,"column":4},"end":{"line":173,"column":51}},{"start":{},"end":{}}],"line":173},"13":{"loc":{"start":{"line":174,"column":4},"end":{"line":174,"column":45}},"type":"if","locations":[{"start":{"line":174,"column":4},"end":{"line":174,"column":45}},{"start":{},"end":{}}],"line":174},"14":{"loc":{"start":{"line":176,"column":4},"end":{"line":176,"column":24}},"type":"if","locations":[{"start":{"line":176,"column":4},"end":{"line":176,"column":24}},{"start":{},"end":{}}],"line":176}},"s":{"0":0,"1":0,"2":0,"3":0,"4":0,"5":0,"6":0,"7":0,"8":0,"9":0,"10":0,"11":0,"12":0,"13":0,"14":0,"15":0,"16":0,"17":0,"18":0,"19":0,"20":0,"21":0,"22":0,"23":0,"24":0,"25":0,"26":0,"27":0,"28":0,"29":0,"30":0,"31":0,"32":0,"33":0,"34":0,"35":0,"36":0,"37":0,"38":0,"39":0,"40":0,"41":0,"42":0,"43":0,"44":0,"45":0,"46":0,"47":0,"48":0,"49":0,"50":0,"51":0,"52":0,"53":0,"54":0,"55":0,"56":0,"57":0,"58":0,"59":0,"60":0,"61":0,"62":0,"63":0,"64":0,"65":0,"66":0,"67":0,"68":0,"69":0,"70":0,"71":0,"72":0,"73":0,"74":0},"f":{"0":0,"1":0,"2":0,"3":0,"4":0,"5":0,"6":0,"7":0,"8":0,"9":0,"10":0,"11":0,"12":0,"13":0,"14":0,"15":0,"16":0,"17":0,"18":0,"19":0,"20":0,"21":0,"22":0,"23":0},"b":{"0":[0,0],"1":[0,0],"2":[0,0,0],"3":[0,0],"4":[0,0],"5":[0,0],"6":[0,0],"7":[0,0],"8":[0,0],"9":[0,0],"10":[0,0],"11":[0,0],"12":[0,0],"13":[0,0],"14":[0,0]}},"C:\\dom-v2\\frontend\\src\\styles\\design-tokens.ts":{"path":"C:\\dom-v2\\frontend\\src\\styles\\design-tokens.ts","statementMap":{"0":{"start":{"line":160,"column":36},"end":{"line":194,"column":1}},"1":{"start":{"line":196,"column":37},"end":{"line":204,"column":1}},"2":{"start":{"line":207,"column":43},"end":{"line":258,"column":1}},"3":{"start":{"line":261,"column":42},"end":{"line":268,"column":1}},"4":{"start":{"line":271,"column":32},"end":{"line":277,"column":1}},"5":{"start":{"line":280,"column":40},"end":{"line":287,"column":1}},"6":{"start":{"line":290,"column":30},"end":{"line":298,"column":1}},"7":{"start":{"line":301,"column":42},"end":{"line":309,"column":1}},"8":{"start":{"line":314,"column":24},"end":{"line":326,"column":1}},"9":{"start":{"line":315,"column":15},"end":{"line":315,"column":30}},"10":{"start":{"line":316,"column":19},"end":{"line":316,"column":25}},"11":{"start":{"line":318,"column":2},"end":{"line":323,"column":3}},"12":{"start":{"line":319,"column":4},"end":{"line":319,"column":23}},"13":{"start":{"line":320,"column":4},"end":{"line":322,"column":5}},"14":{"start":{"line":321,"column":6},"end":{"line":321,"column":26}},"15":{"start":{"line":325,"column":2},"end":{"line":325,"column":15}},"16":{"start":{"line":330,"column":26},"end":{"line":332,"column":1}},"17":{"start":{"line":331,"column":2},"end":{"line":331,"column":23}},"18":{"start":{"line":336,"column":29},"end":{"line":338,"column":1}},"19":{"start":{"line":337,"column":2},"end":{"line":337,"column":29}},"20":{"start":{"line":342,"column":31},"end":{"line":344,"column":1}},"21":{"start":{"line":343,"column":2},"end":{"line":343,"column":28}},"22":{"start":{"line":348,"column":25},"end":{"line":350,"column":1}},"23":{"start":{"line":349,"column":2},"end":{"line":349,"column":23}},"24":{"start":{"line":354,"column":28},"end":{"line":373,"column":1}},"25":{"start":{"line":355,"column":26},"end":{"line":355,"column":49}},"26":{"start":{"line":357,"column":2},"end":{"line":372,"column":3}},"27":{"start":{"line":359,"column":6},"end":{"line":359,"column":38}},"28":{"start":{"line":361,"column":6},"end":{"line":361,"column":38}},"29":{"start":{"line":363,"column":6},"end":{"line":363,"column":38}},"30":{"start":{"line":365,"column":6},"end":{"line":365,"column":38}},"31":{"start":{"line":367,"column":6},"end":{"line":367,"column":38}},"32":{"start":{"line":369,"column":6},"end":{"line":369,"column":38}},"33":{"start":{"line":371,"column":6},"end":{"line":371,"column":19}},"34":{"start":{"line":377,"column":36},"end":{"line":387,"column":1}},"35":{"start":{"line":378,"column":2},"end":{"line":386,"column":4}}},"fnMap":{"0":{"name":"(anonymous_0)","decl":{"start":{"line":314,"column":24},"end":{"line":314,"column":25}},"loc":{"start":{"line":314,"column":50},"end":{"line":326,"column":1}},"line":314},"1":{"name":"(anonymous_1)","decl":{"start":{"line":330,"column":26},"end":{"line":330,"column":27}},"loc":{"start":{"line":330,"column":64},"end":{"line":332,"column":1}},"line":330},"2":{"name":"(anonymous_2)","decl":{"start":{"line":336,"column":29},"end":{"line":336,"column":30}},"loc":{"start":{"line":336,"column":65},"end":{"line":338,"column":1}},"line":336},"3":{"name":"(anonymous_3)","decl":{"start":{"line":342,"column":31},"end":{"line":342,"column":32}},"loc":{"start":{"line":342,"column":69},"end":{"line":344,"column":1}},"line":342},"4":{"name":"(anonymous_4)","decl":{"start":{"line":348,"column":25},"end":{"line":348,"column":26}},"loc":{"start":{"line":348,"column":58},"end":{"line":350,"column":1}},"line":348},"5":{"name":"(anonymous_5)","decl":{"start":{"line":354,"column":28},"end":{"line":354,"column":29}},"loc":{"start":{"line":354,"column":87},"end":{"line":373,"column":1}},"line":354},"6":{"name":"(anonymous_6)","decl":{"start":{"line":377,"column":36},"end":{"line":377,"column":37}},"loc":{"start":{"line":377,"column":42},"end":{"line":387,"column":1}},"line":377}},"branchMap":{"0":{"loc":{"start":{"line":320,"column":4},"end":{"line":322,"column":5}},"type":"if","locations":[{"start":{"line":320,"column":4},"end":{"line":322,"column":5}},{"start":{},"end":{}}],"line":320},"1":{"loc":{"start":{"line":357,"column":2},"end":{"line":372,"column":3}},"type":"switch","locations":[{"start":{"line":358,"column":4},"end":{"line":359,"column":38}},{"start":{"line":360,"column":4},"end":{"line":361,"column":38}},{"start":{"line":362,"column":4},"end":{"line":363,"column":38}},{"start":{"line":364,"column":4},"end":{"line":365,"column":38}},{"start":{"line":366,"column":4},"end":{"line":367,"column":38}},{"start":{"line":368,"column":4},"end":{"line":369,"column":38}},{"start":{"line":370,"column":4},"end":{"line":371,"column":19}}],"line":357}},"s":{"0":0,"1":0,"2":0,"3":0,"4":0,"5":0,"6":0,"7":0,"8":0,"9":0,"10":0,"11":0,"12":0,"13":0,"14":0,"15":0,"16":0,"17":0,"18":0,"19":0,"20":0,"21":0,"22":0,"23":0,"24":0,"25":0,"26":0,"27":0,"28":0,"29":0,"30":0,"31":0,"32":0,"33":0,"34":0,"35":0},"f":{"0":0,"1":0,"2":0,"3":0,"4":0,"5":0,"6":0},"b":{"0":[0,0],"1":[0,0,0,0,0,0,0]}},"C:\\dom-v2\\frontend\\src\\hooks\\useApi.ts":{"path":"C:\\dom-v2\\frontend\\src\\hooks\\useApi.ts","statementMap":{"0":{"start":{"line":53,"column":6},"end":{"line":53,"column":13}},"1":{"start":{"line":55,"column":28},"end":{"line":60,"column":4}},"2":{"start":{"line":62,"column":29},"end":{"line":62,"column":65}},"3":{"start":{"line":63,"column":24},"end":{"line":63,"column":33}},"4":{"start":{"line":67,"column":23},"end":{"line":73,"column":43}},"5":{"start":{"line":68,"column":4},"end":{"line":68,"column":51}},"6":{"start":{"line":68,"column":38},"end":{"line":68,"column":51}},"7":{"start":{"line":70,"column":16},"end":{"line":70,"column":26}},"8":{"start":{"line":71,"column":21},"end":{"line":71,"column":64}},"9":{"start":{"line":72,"column":4},"end":{"line":72,"column":32}},"10":{"start":{"line":78,"column":25},"end":{"line":134,"column":60}},"11":{"start":{"line":80,"column":4},"end":{"line":82,"column":5}},"12":{"start":{"line":81,"column":6},"end":{"line":81,"column":41}},"13":{"start":{"line":85,"column":4},"end":{"line":85,"column":55}},"14":{"start":{"line":87,"column":4},"end":{"line":91,"column":8}},"15":{"start":{"line":87,"column":22},"end":{"line":91,"column":5}},"16":{"start":{"line":93,"column":4},"end":{"line":133,"column":5}},"17":{"start":{"line":94,"column":23},"end":{"line":96,"column":8}},"18":{"start":{"line":98,"column":6},"end":{"line":103,"column":10}},"19":{"start":{"line":98,"column":24},"end":{"line":103,"column":7}},"20":{"start":{"line":105,"column":6},"end":{"line":105,"column":28}},"21":{"start":{"line":106,"column":6},"end":{"line":106,"column":32}},"22":{"start":{"line":109,"column":6},"end":{"line":111,"column":7}},"23":{"start":{"line":110,"column":8},"end":{"line":110,"column":15}},"24":{"start":{"line":113,"column":27},"end":{"line":113,"column":70}},"25":{"start":{"line":115,"column":6},"end":{"line":123,"column":7}},"26":{"start":{"line":116,"column":8},"end":{"line":116,"column":32}},"27":{"start":{"line":118,"column":8},"end":{"line":120,"column":23}},"28":{"start":{"line":119,"column":10},"end":{"line":119,"column":27}},"29":{"start":{"line":122,"column":8},"end":{"line":122,"column":15}},"30":{"start":{"line":125,"column":6},"end":{"line":129,"column":10}},"31":{"start":{"line":125,"column":24},"end":{"line":129,"column":7}},"32":{"start":{"line":131,"column":6},"end":{"line":131,"column":30}},"33":{"start":{"line":132,"column":6},"end":{"line":132,"column":32}},"34":{"start":{"line":139,"column":18},"end":{"line":142,"column":22}},"35":{"start":{"line":140,"column":4},"end":{"line":140,"column":30}},"36":{"start":{"line":141,"column":4},"end":{"line":141,"column":27}},"37":{"start":{"line":147,"column":17},"end":{"line":153,"column":8}},"38":{"start":{"line":148,"column":4},"end":{"line":152,"column":8}},"39":{"start":{"line":148,"column":22},"end":{"line":152,"column":5}},"40":{"start":{"line":158,"column":16},"end":{"line":166,"column":8}},"41":{"start":{"line":159,"column":4},"end":{"line":164,"column":7}},"42":{"start":{"line":165,"column":4},"end":{"line":165,"column":30}},"43":{"start":{"line":170,"column":2},"end":{"line":174,"column":48}},"44":{"start":{"line":171,"column":4},"end":{"line":173,"column":5}},"45":{"start":{"line":172,"column":6},"end":{"line":172,"column":23}},"46":{"start":{"line":179,"column":2},"end":{"line":185,"column":9}},"47":{"start":{"line":180,"column":4},"end":{"line":184,"column":6}},"48":{"start":{"line":181,"column":6},"end":{"line":183,"column":7}},"49":{"start":{"line":182,"column":8},"end":{"line":182,"column":43}},"50":{"start":{"line":187,"column":2},"end":{"line":194,"column":4}},"51":{"start":{"line":204,"column":28},"end":{"line":209,"column":4}},"52":{"start":{"line":211,"column":29},"end":{"line":211,"column":65}},"53":{"start":{"line":213,"column":15},"end":{"line":255,"column":25}},"54":{"start":{"line":214,"column":4},"end":{"line":216,"column":5}},"55":{"start":{"line":215,"column":6},"end":{"line":215,"column":41}},"56":{"start":{"line":218,"column":4},"end":{"line":218,"column":55}},"57":{"start":{"line":220,"column":4},"end":{"line":224,"column":8}},"58":{"start":{"line":220,"column":22},"end":{"line":224,"column":5}},"59":{"start":{"line":226,"column":4},"end":{"line":254,"column":5}},"60":{"start":{"line":227,"column":23},"end":{"line":229,"column":8}},"61":{"start":{"line":231,"column":6},"end":{"line":236,"column":10}},"62":{"start":{"line":231,"column":24},"end":{"line":236,"column":7}},"63":{"start":{"line":238,"column":6},"end":{"line":238,"column":36}},"64":{"start":{"line":241,"column":6},"end":{"line":243,"column":7}},"65":{"start":{"line":242,"column":8},"end":{"line":242,"column":15}},"66":{"start":{"line":245,"column":27},"end":{"line":245,"column":70}},"67":{"start":{"line":247,"column":6},"end":{"line":251,"column":10}},"68":{"start":{"line":247,"column":24},"end":{"line":251,"column":7}},"69":{"start":{"line":253,"column":6},"end":{"line":253,"column":38}},"70":{"start":{"line":257,"column":17},"end":{"line":263,"column":8}},"71":{"start":{"line":258,"column":4},"end":{"line":262,"column":8}},"72":{"start":{"line":258,"column":22},"end":{"line":262,"column":5}},"73":{"start":{"line":265,"column":16},"end":{"line":272,"column":8}},"74":{"start":{"line":266,"column":4},"end":{"line":271,"column":7}},"75":{"start":{"line":274,"column":2},"end":{"line":280,"column":9}},"76":{"start":{"line":275,"column":4},"end":{"line":279,"column":6}},"77":{"start":{"line":276,"column":6},"end":{"line":278,"column":7}},"78":{"start":{"line":277,"column":8},"end":{"line":277,"column":43}},"79":{"start":{"line":282,"column":2},"end":{"line":290,"column":4}},"80":{"start":{"line":286,"column":19},"end":{"line":286,"column":36}},"81":{"start":{"line":300,"column":28},"end":{"line":305,"column":4}},"82":{"start":{"line":307,"column":29},"end":{"line":307,"column":65}},"83":{"start":{"line":309,"column":14},"end":{"line":351,"column":25}},"84":{"start":{"line":310,"column":4},"end":{"line":312,"column":5}},"85":{"start":{"line":311,"column":6},"end":{"line":311,"column":41}},"86":{"start":{"line":314,"column":4},"end":{"line":314,"column":55}},"87":{"start":{"line":316,"column":4},"end":{"line":320,"column":8}},"88":{"start":{"line":316,"column":22},"end":{"line":320,"column":5}},"89":{"start":{"line":322,"column":4},"end":{"line":350,"column":5}},"90":{"start":{"line":323,"column":23},"end":{"line":325,"column":8}},"91":{"start":{"line":327,"column":6},"end":{"line":332,"column":10}},"92":{"start":{"line":327,"column":24},"end":{"line":332,"column":7}},"93":{"start":{"line":334,"column":6},"end":{"line":334,"column":36}},"94":{"start":{"line":337,"column":6},"end":{"line":339,"column":7}},"95":{"start":{"line":338,"column":8},"end":{"line":338,"column":15}},"96":{"start":{"line":341,"column":27},"end":{"line":341,"column":70}},"97":{"start":{"line":343,"column":6},"end":{"line":347,"column":10}},"98":{"start":{"line":343,"column":24},"end":{"line":347,"column":7}},"99":{"start":{"line":349,"column":6},"end":{"line":349,"column":38}},"100":{"start":{"line":353,"column":17},"end":{"line":359,"column":8}},"101":{"start":{"line":354,"column":4},"end":{"line":358,"column":8}},"102":{"start":{"line":354,"column":22},"end":{"line":358,"column":5}},"103":{"start":{"line":361,"column":16},"end":{"line":368,"column":8}},"104":{"start":{"line":362,"column":4},"end":{"line":367,"column":7}},"105":{"start":{"line":370,"column":2},"end":{"line":376,"column":9}},"106":{"start":{"line":371,"column":4},"end":{"line":375,"column":6}},"107":{"start":{"line":372,"column":6},"end":{"line":374,"column":7}},"108":{"start":{"line":373,"column":8},"end":{"line":373,"column":43}},"109":{"start":{"line":378,"column":2},"end":{"line":386,"column":4}},"110":{"start":{"line":382,"column":19},"end":{"line":382,"column":36}},"111":{"start":{"line":396,"column":28},"end":{"line":401,"column":4}},"112":{"start":{"line":403,"column":29},"end":{"line":403,"column":65}},"113":{"start":{"line":405,"column":21},"end":{"line":447,"column":25}},"114":{"start":{"line":406,"column":4},"end":{"line":408,"column":5}},"115":{"start":{"line":407,"column":6},"end":{"line":407,"column":41}},"116":{"start":{"line":410,"column":4},"end":{"line":410,"column":55}},"117":{"start":{"line":412,"column":4},"end":{"line":416,"column":8}},"118":{"start":{"line":412,"column":22},"end":{"line":416,"column":5}},"119":{"start":{"line":418,"column":4},"end":{"line":446,"column":5}},"120":{"start":{"line":419,"column":23},"end":{"line":421,"column":8}},"121":{"start":{"line":423,"column":6},"end":{"line":428,"column":10}},"122":{"start":{"line":423,"column":24},"end":{"line":428,"column":7}},"123":{"start":{"line":430,"column":6},"end":{"line":430,"column":36}},"124":{"start":{"line":433,"column":6},"end":{"line":435,"column":7}},"125":{"start":{"line":434,"column":8},"end":{"line":434,"column":15}},"126":{"start":{"line":437,"column":27},"end":{"line":437,"column":70}},"127":{"start":{"line":439,"column":6},"end":{"line":443,"column":10}},"128":{"start":{"line":439,"column":24},"end":{"line":443,"column":7}},"129":{"start":{"line":445,"column":6},"end":{"line":445,"column":38}},"130":{"start":{"line":449,"column":17},"end":{"line":455,"column":8}},"131":{"start":{"line":450,"column":4},"end":{"line":454,"column":8}},"132":{"start":{"line":450,"column":22},"end":{"line":454,"column":5}},"133":{"start":{"line":457,"column":16},"end":{"line":464,"column":8}},"134":{"start":{"line":458,"column":4},"end":{"line":463,"column":7}},"135":{"start":{"line":466,"column":2},"end":{"line":472,"column":9}},"136":{"start":{"line":467,"column":4},"end":{"line":471,"column":6}},"137":{"start":{"line":468,"column":6},"end":{"line":470,"column":7}},"138":{"start":{"line":469,"column":8},"end":{"line":469,"column":43}},"139":{"start":{"line":474,"column":2},"end":{"line":482,"column":4}},"140":{"start":{"line":478,"column":19},"end":{"line":478,"column":36}}},"fnMap":{"0":{"name":"useApi","decl":{"start":{"line":41,"column":16},"end":{"line":41,"column":22}},"loc":{"start":{"line":44,"column":18},"end":{"line":195,"column":1}},"line":44},"1":{"name":"(anonymous_1)","decl":{"start":{"line":67,"column":35},"end":{"line":67,"column":36}},"loc":{"start":{"line":67,"column":50},"end":{"line":73,"column":3}},"line":67},"2":{"name":"(anonymous_2)","decl":{"start":{"line":78,"column":37},"end":{"line":78,"column":38}},"loc":{"start":{"line":78,"column":64},"end":{"line":134,"column":3}},"line":78},"3":{"name":"(anonymous_3)","decl":{"start":{"line":87,"column":13},"end":{"line":87,"column":14}},"loc":{"start":{"line":87,"column":22},"end":{"line":91,"column":5}},"line":87},"4":{"name":"(anonymous_4)","decl":{"start":{"line":98,"column":15},"end":{"line":98,"column":16}},"loc":{"start":{"line":98,"column":24},"end":{"line":103,"column":7}},"line":98},"5":{"name":"(anonymous_5)","decl":{"start":{"line":118,"column":19},"end":{"line":118,"column":20}},"loc":{"start":{"line":118,"column":25},"end":{"line":120,"column":9}},"line":118},"6":{"name":"(anonymous_6)","decl":{"start":{"line":125,"column":15},"end":{"line":125,"column":16}},"loc":{"start":{"line":125,"column":24},"end":{"line":129,"column":7}},"line":125},"7":{"name":"(anonymous_7)","decl":{"start":{"line":139,"column":30},"end":{"line":139,"column":31}},"loc":{"start":{"line":139,"column":57},"end":{"line":142,"column":3}},"line":139},"8":{"name":"(anonymous_8)","decl":{"start":{"line":147,"column":29},"end":{"line":147,"column":30}},"loc":{"start":{"line":147,"column":48},"end":{"line":153,"column":3}},"line":147},"9":{"name":"(anonymous_9)","decl":{"start":{"line":148,"column":13},"end":{"line":148,"column":14}},"loc":{"start":{"line":148,"column":22},"end":{"line":152,"column":5}},"line":148},"10":{"name":"(anonymous_10)","decl":{"start":{"line":158,"column":28},"end":{"line":158,"column":29}},"loc":{"start":{"line":158,"column":40},"end":{"line":166,"column":3}},"line":158},"11":{"name":"(anonymous_11)","decl":{"start":{"line":170,"column":12},"end":{"line":170,"column":13}},"loc":{"start":{"line":170,"column":18},"end":{"line":174,"column":3}},"line":170},"12":{"name":"(anonymous_12)","decl":{"start":{"line":179,"column":12},"end":{"line":179,"column":13}},"loc":{"start":{"line":179,"column":18},"end":{"line":185,"column":3}},"line":179},"13":{"name":"(anonymous_13)","decl":{"start":{"line":180,"column":11},"end":{"line":180,"column":12}},"loc":{"start":{"line":180,"column":17},"end":{"line":184,"column":5}},"line":180},"14":{"name":"useApiPost","decl":{"start":{"line":200,"column":16},"end":{"line":200,"column":26}},"loc":{"start":{"line":203,"column":57},"end":{"line":291,"column":1}},"line":203},"15":{"name":"(anonymous_15)","decl":{"start":{"line":213,"column":27},"end":{"line":213,"column":28}},"loc":{"start":{"line":213,"column":61},"end":{"line":255,"column":3}},"line":213},"16":{"name":"(anonymous_16)","decl":{"start":{"line":220,"column":13},"end":{"line":220,"column":14}},"loc":{"start":{"line":220,"column":22},"end":{"line":224,"column":5}},"line":220},"17":{"name":"(anonymous_17)","decl":{"start":{"line":231,"column":15},"end":{"line":231,"column":16}},"loc":{"start":{"line":231,"column":24},"end":{"line":236,"column":7}},"line":231},"18":{"name":"(anonymous_18)","decl":{"start":{"line":247,"column":15},"end":{"line":247,"column":16}},"loc":{"start":{"line":247,"column":24},"end":{"line":251,"column":7}},"line":247},"19":{"name":"(anonymous_19)","decl":{"start":{"line":257,"column":29},"end":{"line":257,"column":30}},"loc":{"start":{"line":257,"column":48},"end":{"line":263,"column":3}},"line":257},"20":{"name":"(anonymous_20)","decl":{"start":{"line":258,"column":13},"end":{"line":258,"column":14}},"loc":{"start":{"line":258,"column":22},"end":{"line":262,"column":5}},"line":258},"21":{"name":"(anonymous_21)","decl":{"start":{"line":265,"column":28},"end":{"line":265,"column":29}},"loc":{"start":{"line":265,"column":40},"end":{"line":272,"column":3}},"line":265},"22":{"name":"(anonymous_22)","decl":{"start":{"line":274,"column":12},"end":{"line":274,"column":13}},"loc":{"start":{"line":274,"column":18},"end":{"line":280,"column":3}},"line":274},"23":{"name":"(anonymous_23)","decl":{"start":{"line":275,"column":11},"end":{"line":275,"column":12}},"loc":{"start":{"line":275,"column":17},"end":{"line":279,"column":5}},"line":275},"24":{"name":"(anonymous_24)","decl":{"start":{"line":286,"column":13},"end":{"line":286,"column":14}},"loc":{"start":{"line":286,"column":19},"end":{"line":286,"column":36}},"line":286},"25":{"name":"useApiPut","decl":{"start":{"line":296,"column":16},"end":{"line":296,"column":25}},"loc":{"start":{"line":299,"column":56},"end":{"line":387,"column":1}},"line":299},"26":{"name":"(anonymous_26)","decl":{"start":{"line":309,"column":26},"end":{"line":309,"column":27}},"loc":{"start":{"line":309,"column":60},"end":{"line":351,"column":3}},"line":309},"27":{"name":"(anonymous_27)","decl":{"start":{"line":316,"column":13},"end":{"line":316,"column":14}},"loc":{"start":{"line":316,"column":22},"end":{"line":320,"column":5}},"line":316},"28":{"name":"(anonymous_28)","decl":{"start":{"line":327,"column":15},"end":{"line":327,"column":16}},"loc":{"start":{"line":327,"column":24},"end":{"line":332,"column":7}},"line":327},"29":{"name":"(anonymous_29)","decl":{"start":{"line":343,"column":15},"end":{"line":343,"column":16}},"loc":{"start":{"line":343,"column":24},"end":{"line":347,"column":7}},"line":343},"30":{"name":"(anonymous_30)","decl":{"start":{"line":353,"column":29},"end":{"line":353,"column":30}},"loc":{"start":{"line":353,"column":48},"end":{"line":359,"column":3}},"line":353},"31":{"name":"(anonymous_31)","decl":{"start":{"line":354,"column":13},"end":{"line":354,"column":14}},"loc":{"start":{"line":354,"column":22},"end":{"line":358,"column":5}},"line":354},"32":{"name":"(anonymous_32)","decl":{"start":{"line":361,"column":28},"end":{"line":361,"column":29}},"loc":{"start":{"line":361,"column":40},"end":{"line":368,"column":3}},"line":361},"33":{"name":"(anonymous_33)","decl":{"start":{"line":370,"column":12},"end":{"line":370,"column":13}},"loc":{"start":{"line":370,"column":18},"end":{"line":376,"column":3}},"line":370},"34":{"name":"(anonymous_34)","decl":{"start":{"line":371,"column":11},"end":{"line":371,"column":12}},"loc":{"start":{"line":371,"column":17},"end":{"line":375,"column":5}},"line":371},"35":{"name":"(anonymous_35)","decl":{"start":{"line":382,"column":13},"end":{"line":382,"column":14}},"loc":{"start":{"line":382,"column":19},"end":{"line":382,"column":36}},"line":382},"36":{"name":"useApiDelete","decl":{"start":{"line":392,"column":16},"end":{"line":392,"column":28}},"loc":{"start":{"line":395,"column":52},"end":{"line":483,"column":1}},"line":395},"37":{"name":"(anonymous_37)","decl":{"start":{"line":405,"column":33},"end":{"line":405,"column":34}},"loc":{"start":{"line":405,"column":60},"end":{"line":447,"column":3}},"line":405},"38":{"name":"(anonymous_38)","decl":{"start":{"line":412,"column":13},"end":{"line":412,"column":14}},"loc":{"start":{"line":412,"column":22},"end":{"line":416,"column":5}},"line":412},"39":{"name":"(anonymous_39)","decl":{"start":{"line":423,"column":15},"end":{"line":423,"column":16}},"loc":{"start":{"line":423,"column":24},"end":{"line":428,"column":7}},"line":423},"40":{"name":"(anonymous_40)","decl":{"start":{"line":439,"column":15},"end":{"line":439,"column":16}},"loc":{"start":{"line":439,"column":24},"end":{"line":443,"column":7}},"line":439},"41":{"name":"(anonymous_41)","decl":{"start":{"line":449,"column":29},"end":{"line":449,"column":30}},"loc":{"start":{"line":449,"column":48},"end":{"line":455,"column":3}},"line":449},"42":{"name":"(anonymous_42)","decl":{"start":{"line":450,"column":13},"end":{"line":450,"column":14}},"loc":{"start":{"line":450,"column":22},"end":{"line":454,"column":5}},"line":450},"43":{"name":"(anonymous_43)","decl":{"start":{"line":457,"column":28},"end":{"line":457,"column":29}},"loc":{"start":{"line":457,"column":40},"end":{"line":464,"column":3}},"line":457},"44":{"name":"(anonymous_44)","decl":{"start":{"line":466,"column":12},"end":{"line":466,"column":13}},"loc":{"start":{"line":466,"column":18},"end":{"line":472,"column":3}},"line":466},"45":{"name":"(anonymous_45)","decl":{"start":{"line":467,"column":11},"end":{"line":467,"column":12}},"loc":{"start":{"line":467,"column":17},"end":{"line":471,"column":5}},"line":467},"46":{"name":"(anonymous_46)","decl":{"start":{"line":478,"column":13},"end":{"line":478,"column":14}},"loc":{"start":{"line":478,"column":19},"end":{"line":478,"column":36}},"line":478}},"branchMap":{"0":{"loc":{"start":{"line":43,"column":2},"end":{"line":43,"column":26}},"type":"default-arg","locations":[{"start":{"line":43,"column":24},"end":{"line":43,"column":26}}],"line":43},"1":{"loc":{"start":{"line":46,"column":4},"end":{"line":46,"column":20}},"type":"default-arg","locations":[{"start":{"line":46,"column":16},"end":{"line":46,"column":20}}],"line":46},"2":{"loc":{"start":{"line":47,"column":4},"end":{"line":47,"column":16}},"type":"default-arg","locations":[{"start":{"line":47,"column":12},"end":{"line":47,"column":16}}],"line":47},"3":{"loc":{"start":{"line":48,"column":4},"end":{"line":48,"column":29}},"type":"default-arg","locations":[{"start":{"line":48,"column":16},"end":{"line":48,"column":29}}],"line":48},"4":{"loc":{"start":{"line":49,"column":4},"end":{"line":49,"column":18}},"type":"default-arg","locations":[{"start":{"line":49,"column":17},"end":{"line":49,"column":18}}],"line":49},"5":{"loc":{"start":{"line":50,"column":4},"end":{"line":50,"column":21}},"type":"default-arg","locations":[{"start":{"line":50,"column":17},"end":{"line":50,"column":21}}],"line":50},"6":{"loc":{"start":{"line":68,"column":4},"end":{"line":68,"column":51}},"type":"if","locations":[{"start":{"line":68,"column":4},"end":{"line":68,"column":51}},{"start":{},"end":{}}],"line":68},"7":{"loc":{"start":{"line":68,"column":8},"end":{"line":68,"column":36}},"type":"binary-expr","locations":[{"start":{"line":68,"column":8},"end":{"line":68,"column":14}},{"start":{"line":68,"column":18},"end":{"line":68,"column":36}}],"line":68},"8":{"loc":{"start":{"line":80,"column":4},"end":{"line":82,"column":5}},"type":"if","locations":[{"start":{"line":80,"column":4},"end":{"line":82,"column":5}},{"start":{},"end":{}}],"line":80},"9":{"loc":{"start":{"line":109,"column":6},"end":{"line":111,"column":7}},"type":"if","locations":[{"start":{"line":109,"column":6},"end":{"line":111,"column":7}},{"start":{},"end":{}}],"line":109},"10":{"loc":{"start":{"line":113,"column":27},"end":{"line":113,"column":70}},"type":"binary-expr","locations":[{"start":{"line":113,"column":27},"end":{"line":113,"column":40}},{"start":{"line":113,"column":44},"end":{"line":113,"column":70}}],"line":113},"11":{"loc":{"start":{"line":115,"column":6},"end":{"line":123,"column":7}},"type":"if","locations":[{"start":{"line":115,"column":6},"end":{"line":123,"column":7}},{"start":{},"end":{}}],"line":115},"12":{"loc":{"start":{"line":171,"column":4},"end":{"line":173,"column":5}},"type":"if","locations":[{"start":{"line":171,"column":4},"end":{"line":173,"column":5}},{"start":{},"end":{}}],"line":171},"13":{"loc":{"start":{"line":171,"column":8},"end":{"line":171,"column":36}},"type":"binary-expr","locations":[{"start":{"line":171,"column":8},"end":{"line":171,"column":17}},{"start":{"line":171,"column":21},"end":{"line":171,"column":36}}],"line":171},"14":{"loc":{"start":{"line":181,"column":6},"end":{"line":183,"column":7}},"type":"if","locations":[{"start":{"line":181,"column":6},"end":{"line":183,"column":7}},{"start":{},"end":{}}],"line":181},"15":{"loc":{"start":{"line":202,"column":2},"end":{"line":202,"column":26}},"type":"default-arg","locations":[{"start":{"line":202,"column":24},"end":{"line":202,"column":26}}],"line":202},"16":{"loc":{"start":{"line":214,"column":4},"end":{"line":216,"column":5}},"type":"if","locations":[{"start":{"line":214,"column":4},"end":{"line":216,"column":5}},{"start":{},"end":{}}],"line":214},"17":{"loc":{"start":{"line":241,"column":6},"end":{"line":243,"column":7}},"type":"if","locations":[{"start":{"line":241,"column":6},"end":{"line":243,"column":7}},{"start":{},"end":{}}],"line":241},"18":{"loc":{"start":{"line":245,"column":27},"end":{"line":245,"column":70}},"type":"binary-expr","locations":[{"start":{"line":245,"column":27},"end":{"line":245,"column":40}},{"start":{"line":245,"column":44},"end":{"line":245,"column":70}}],"line":245},"19":{"loc":{"start":{"line":276,"column":6},"end":{"line":278,"column":7}},"type":"if","locations":[{"start":{"line":276,"column":6},"end":{"line":278,"column":7}},{"start":{},"end":{}}],"line":276},"20":{"loc":{"start":{"line":298,"column":2},"end":{"line":298,"column":26}},"type":"default-arg","loca
[...]
7":0,"118":0,"119":0,"120":0,"121":0,"122":0},"f":{"0":0,"1":0,"2":0,"3":0,"4":0,"5":0,"6":0,"7":0,"8":0,"9":0,"10":0,"11":0,"12":0,"13":0,"14":0,"15":0,"16":0,"17":0,"18":0,"19":0,"20":0,"21":0,"22":0},"b":{"0":[0],"1":[0],"2":[0,0],"3":[0,0],"4":[0,0],"5":[0,0],"6":[0,0],"7":[0,0],"8":[0,0,0,0],"9":[0,0],"10":[0,0],"11":[0,0],"12":[0,0,0,0],"13":[0,0],"14":[0,0],"15":[0,0],"16":[0,0],"17":[0,0],"18":[0,0],"19":[0,0],"20":[0,0],"21":[0,0],"22":[0,0],"23":[0,0],"24":[0,0],"25":[0,0,0],"26":[0,0],"27":[0,0],"28":[0],"29":[0,0],"30":[0,0],"31":[0,0,0,0],"32":[0,0],"33":[0,0],"34":[0],"35":[0,0],"36":[0,0],"37":[0,0],"38":[0,0],"39":[0,0],"40":[0,0],"41":[0,0],"42":[0,0],"43":[0,0],"44":[0,0],"45":[0,0],"46":[0,0],"47":[0,0],"48":[0,0],"49":[0,0],"50":[0,0],"51":[0,0],"52":[0,0],"53":[0,0],"54":[0,0],"55":[0,0],"56":[0,0],"57":[0,0],"58":[0,0],"59":[0,0],"60":[0,0],"61":[0,0],"62":[0,0],"63":[0,0],"64":[0,0]}},"C:\\dom-v2\\frontend\\src\\micro-frontends\\shared\\utils\\ui\\simple-notifications.ts":{"path":"C:\\dom-v2\\frontend\\src\\micro-frontends\\shared\\utils\\ui\\simple-notifications.ts","statementMap":{"0":{"start":{"line":4,"column":16},"end":{"line":14,"column":1}},"1":{"start":{"line":6,"column":4},"end":{"line":6,"column":114}},"2":{"start":{"line":6,"column":10},"end":{"line":6,"column":89}},"3":{"start":{"line":6,"column":100},"end":{"line":6,"column":112}},"4":{"start":{"line":9,"column":4},"end":{"line":9,"column":96}},"5":{"start":{"line":9,"column":10},"end":{"line":9,"column":85}},"6":{"start":{"line":9,"column":45},"end":{"line":9,"column":85}},"7":{"start":{"line":12,"column":4},"end":{"line":12,"column":92}},"8":{"start":{"line":12,"column":10},"end":{"line":12,"column":81}},"9":{"start":{"line":12,"column":45},"end":{"line":12,"column":81}},"10":{"start":{"line":28,"column":117},"end":{"line":33,"column":1}},"11":{"start":{"line":36,"column":44},"end":{"line":36,"column":84}},"12":{"start":{"line":37,"column":32},"end":{"line":37,"column":61}},"13":{"start":{"line":39,"column":28},"end":{"line":49,"column":8}},"14":{"start":{"line":40,"column":4},"end":{"line":48,"column":5}},"15":{"start":{"line":41,"column":21},"end":{"line":41,"column":67}},"16":{"start":{"line":42,"column":6},"end":{"line":45,"column":7}},"17":{"start":{"line":43,"column":23},"end":{"line":43,"column":65}},"18":{"start":{"line":44,"column":8},"end":{"line":44,"column":33}},"19":{"start":{"line":47,"column":6},"end":{"line":47,"column":24}},"20":{"start":{"line":51,"column":28},"end":{"line":53,"column":8}},"21":{"start":{"line":52,"column":4},"end":{"line":52,"column":85}},"22":{"start":{"line":55,"column":26},"end":{"line":73,"column":3}},"23":{"start":{"line":57,"column":19},"end":{"line":57,"column":46}},"24":{"start":{"line":58,"column":47},"end":{"line":66,"column":7}},"25":{"start":{"line":68,"column":31},"end":{"line":68,"column":63}},"26":{"start":{"line":69,"column":6},"end":{"line":69,"column":41}},"27":{"start":{"line":70,"column":6},"end":{"line":70,"column":48}},"28":{"start":{"line":75,"column":21},"end":{"line":82,"column":3}},"29":{"start":{"line":77,"column":31},"end":{"line":77,"column":97}},"30":{"start":{"line":77,"column":57},"end":{"line":77,"column":95}},"31":{"start":{"line":78,"column":6},"end":{"line":78,"column":41}},"32":{"start":{"line":79,"column":6},"end":{"line":79,"column":48}},"33":{"start":{"line":84,"column":29},"end":{"line":91,"column":3}},"34":{"start":{"line":86,"column":31},"end":{"line":86,"column":71}},"35":{"start":{"line":86,"column":59},"end":{"line":86,"column":70}},"36":{"start":{"line":87,"column":6},"end":{"line":87,"column":41}},"37":{"start":{"line":88,"column":6},"end":{"line":88,"column":48}},"38":{"start":{"line":93,"column":29},"end":{"line":96,"column":8}},"39":{"start":{"line":94,"column":4},"end":{"line":94,"column":25}},"40":{"start":{"line":95,"column":4},"end":{"line":95,"column":54}},"41":{"start":{"line":98,"column":2},"end":{"line":100,"column":26}},"42":{"start":{"line":99,"column":4},"end":{"line":99,"column":24}},"43":{"start":{"line":102,"column":22},"end":{"line":102,"column":65}},"44":{"start":{"line":102,"column":50},"end":{"line":102,"column":57}},"45":{"start":{"line":103,"column":28},"end":{"line":103,"column":96}},"46":{"start":{"line":103,"column":56},"end":{"line":103,"column":88}},"47":{"start":{"line":105,"column":2},"end":{"line":114,"column":4}}},"fnMap":{"0":{"name":"(anonymous_0)","decl":{"start":{"line":5,"column":2},"end":{"line":5,"column":3}},"loc":{"start":{"line":5,"column":53},"end":{"line":7,"column":3}},"line":5},"1":{"name":"(anonymous_1)","decl":{"start":{"line":8,"column":2},"end":{"line":8,"column":3}},"loc":{"start":{"line":8,"column":59},"end":{"line":10,"column":3}},"line":8},"2":{"name":"(anonymous_2)","decl":{"start":{"line":11,"column":2},"end":{"line":11,"column":3}},"loc":{"start":{"line":11,"column":47},"end":{"line":13,"column":3}},"line":11},"3":{"name":"useSimpleNotifications","decl":{"start":{"line":35,"column":16},"end":{"line":35,"column":38}},"loc":{"start":{"line":35,"column":41},"end":{"line":115,"column":1}},"line":35},"4":{"name":"(anonymous_4)","decl":{"start":{"line":39,"column":46},"end":{"line":39,"column":47}},"loc":{"start":{"line":39,"column":58},"end":{"line":49,"column":3}},"line":39},"5":{"name":"(anonymous_5)","decl":{"start":{"line":51,"column":46},"end":{"line":51,"column":47}},"loc":{"start":{"line":51,"column":96},"end":{"line":53,"column":3}},"line":51},"6":{"name":"(anonymous_6)","decl":{"start":{"line":56,"column":4},"end":{"line":56,"column":5}},"loc":{"start":{"line":56,"column":68},"end":{"line":71,"column":5}},"line":56},"7":{"name":"(anonymous_7)","decl":{"start":{"line":76,"column":4},"end":{"line":76,"column":5}},"loc":{"start":{"line":76,"column":26},"end":{"line":80,"column":5}},"line":76},"8":{"name":"(anonymous_8)","decl":{"start":{"line":77,"column":49},"end":{"line":77,"column":50}},"loc":{"start":{"line":77,"column":57},"end":{"line":77,"column":95}},"line":77},"9":{"name":"(anonymous_9)","decl":{"start":{"line":85,"column":4},"end":{"line":85,"column":5}},"loc":{"start":{"line":85,"column":26},"end":{"line":89,"column":5}},"line":85},"10":{"name":"(anonymous_10)","decl":{"start":{"line":86,"column":52},"end":{"line":86,"column":53}},"loc":{"start":{"line":86,"column":59},"end":{"line":86,"column":70}},"line":86},"11":{"name":"(anonymous_11)","decl":{"start":{"line":93,"column":47},"end":{"line":93,"column":48}},"loc":{"start":{"line":93,"column":59},"end":{"line":96,"column":3}},"line":93},"12":{"name":"(anonymous_12)","decl":{"start":{"line":98,"column":18},"end":{"line":98,"column":19}},"loc":{"start":{"line":98,"column":24},"end":{"line":100,"column":3}},"line":98},"13":{"name":"(anonymous_13)","decl":{"start":{"line":102,"column":43},"end":{"line":102,"column":44}},"loc":{"start":{"line":102,"column":50},"end":{"line":102,"column":57}},"line":102},"14":{"name":"(anonymous_14)","decl":{"start":{"line":103,"column":49},"end":{"line":103,"column":50}},"loc":{"start":{"line":103,"column":56},"end":{"line":103,"column":88}},"line":103}},"branchMap":{"0":{"loc":{"start":{"line":6,"column":17},"end":{"line":6,"column":88}},"type":"cond-expr","locations":[{"start":{"line":6,"column":49},"end":{"line":6,"column":81}},{"start":{"line":6,"column":84},"end":{"line":6,"column":88}}],"line":6},"1":{"loc":{"start":{"line":9,"column":10},"end":{"line":9,"column":85}},"type":"if","locations":[{"start":{"line":9,"column":10},"end":{"line":9,"column":85}},{"start":{},"end":{}}],"line":9},"2":{"loc":{"start":{"line":12,"column":10},"end":{"line":12,"column":81}},"type":"if","locations":[{"start":{"line":12,"column":10},"end":{"line":12,"column":81}},{"start":{},"end":{}}],"line":12},"3":{"loc":{"start":{"line":42,"column":6},"end":{"line":45,"column":7}},"type":"if","locations":[{"start":{"line":42,"column":6},"end":{"line":45,"column":7}},{"start":{},"end":{}}],"line":42},"4":{"loc":{"start":{"line":62,"column":17},"end":{"line":62,"column":46}},"type":"binary-expr","locations":[{"start":{"line":62,"column":17},"end":{"line":62,"column":30}},{"start":{"line":62,"column":34},"end":{"line":62,"column":46}}],"line":62},"5":{"loc":{"start":{"line":63,"column":18},"end":{"line":63,"column":95}},"type":"cond-expr","locations":[{"start":{"line":63,"column":43},"end":{"line":63,"column":49}},{"start":{"line":63,"column":52},"end":{"line":63,"column":95}}],"line":63},"6":{"loc":{"start":{"line":63,"column":52},"end":{"line":63,"column":95}},"type":"cond-expr","locations":[{"start":{"line":63,"column":79},"end":{"line":63,"column":87}},{"start":{"line":63,"column":90},"end":{"line":63,"column":95}}],"line":63},"7":{"loc":{"start":{"line":77,"column":57},"end":{"line":77,"column":95}},"type":"cond-expr","locations":[{"start":{"line":77,"column":71},"end":{"line":77,"column":91}},{"start":{"line":77,"column":94},"end":{"line":77,"column":95}}],"line":77},"8":{"loc":{"start":{"line":103,"column":56},"end":{"line":103,"column":88}},"type":"binary-expr","locations":[{"start":{"line":103,"column":56},"end":{"line":103,"column":77}},{"start":{"line":103,"column":81},"end":{"line":103,"column":88}}],"line":103}},"s":{"0":0,"1":0,"2":0,"3":0,"4":0,"5":0,"6":0,"7":0,"8":0,"9":0,"10":0,"11":0,"12":0,"13":0,"14":0,"15":0,"16":0,"17":0,"18":0,"19":0,"20":0,"21":0,"22":0,"23":0,"24":0,"25":0,"26":0,"27":0,"28":0,"29":0,"30":0,"31":0,"32":0,"33":0,"34":0,"35":0,"36":0,"37":0,"38":0,"39":0,"40":0,"41":0,"42":0,"43":0,"44":0,"45":0,"46":0,"47":0},"f":{"0":0,"1":0,"2":0,"3":0,"4":0,"5":0,"6":0,"7":0,"8":0,"9":0,"10":0,"11":0,"12":0,"13":0,"14":0},"b":{"0":[0,0],"1":[0,0],"2":[0,0],"3":[0,0],"4":[0,0],"5":[0,0],"6":[0,0],"7":[0,0],"8":[0,0]}},"C:\\dom-v2\\frontend\\src\\micro-frontends\\shared\\utils\\ui\\theme-provider.tsx":{"path":"C:\\dom-v2\\frontend\\src\\micro-frontends\\shared\\utils\\ui\\theme-provider.tsx","statementMap":{"0":{"start":{"line":69,"column":2},"end":{"line":69,"column":26}},"1":{"start":{"line":69,"column":13},"end":{"line":69,"column":26}},"2":{"start":{"line":70,"column":2},"end":{"line":70,"column":45}},"3":{"start":{"line":70,"column":32},"end":{"line":70,"column":45}},"4":{"start":{"line":71,"column":2},"end":{"line":71,"column":14}},"5":{"start":{"line":77,"column":2},"end":{"line":77,"column":88}},"6":{"start":{"line":81,"column":2},"end":{"line":83,"column":3}},"7":{"start":{"line":82,"column":4},"end":{"line":82,"column":60}},"8":{"start":{"line":87,"column":20},"end":{"line":87,"column":44}},"9":{"start":{"line":89,"column":2},"end":{"line":89,"column":90}},"10":{"start":{"line":93,"column":2},"end":{"line":106,"column":3}},"11":{"start":{"line":95,"column":6},"end":{"line":95,"column":39}},"12":{"start":{"line":97,"column":6},"end":{"line":97,"column":56}},"13":{"start":{"line":99,"column":6},"end":{"line":99,"column":40}},"14":{"start":{"line":101,"column":6},"end":{"line":101,"column":57}},"15":{"start":{"line":103,"column":6},"end":{"line":103,"column":34}},"16":{"start":{"line":105,"column":6},"end":{"line":105,"column":19}},"17":{"start":{"line":124,"column":21},"end":{"line":124,"column":75}},"18":{"start":{"line":134,"column":32},"end":{"line":136,"column":3}},"19":{"start":{"line":135,"column":4},"end":{"line":135,"column":41}},"20":{"start":{"line":138,"column":17},"end":{"line":141,"column":3}},"21":{"start":{"line":139,"column":4},"end":{"line":139,"column":37}},"22":{"start":{"line":143,"column":24},"end":{"line":145,"column":8}},"23":{"start":{"line":144,"column":4},"end":{"line":144,"column":40}},"24":{"start":{"line":147,"column":16},"end":{"line":151,"column":39}},"25":{"start":{"line":147,"column":37},"end":{"line":151,"column":3}},"26":{"start":{"line":153,"column":2},"end":{"line":157,"column":4}},"27":{"start":{"line":162,"column":18},"end":{"line":162,"column":42}},"28":{"start":{"line":163,"column":2},"end":{"line":165,"column":3}},"29":{"start":{"line":164,"column":4},"end":{"line":164,"column":74}},"30":{"start":{"line":166,"column":2},"end":{"line":166,"column":17}},"31":{"start":{"line":170,"column":21},"end":{"line":170,"column":31}},"32":{"start":{"line":171,"column":2},"end":{"line":171,"column":16}},"33":{"start":{"line":176,"column":22},"end":{"line":176,"column":32}},"34":{"start":{"line":177,"column":2},"end":{"line":177,"column":17}},"35":{"start":{"line":181,"column":2},"end":{"line":295,"column":4}},"36":{"start":{"line":300,"column":21},"end":{"line":300,"column":31}},"37":{"start":{"line":301,"column":2},"end":{"line":301,"column":65}},"38":{"start":{"line":301,"column":29},"end":{"line":301,"column":53}},"39":{"start":{"line":328,"column":17},"end":{"line":328,"column":28}},"40":{"start":{"line":330,"column":2},"end":{"line":334,"column":4}},"41":{"start":{"line":338,"column":17},"end":{"line":338,"column":28}},"42":{"start":{"line":340,"column":2},"end":{"line":344,"column":4}},"43":{"start":{"line":355,"column":17},"end":{"line":355,"column":28}},"44":{"start":{"line":357,"column":2},"end":{"line":367,"column":4}}},"fnMap":{"0":{"name":"validateInput","decl":{"start":{"line":68,"column":9},"end":{"line":68,"column":22}},"loc":{"start":{"line":68,"column":43},"end":{"line":72,"column":1}},"line":68},"1":{"name":"handleError","decl":{"start":{"line":75,"column":9},"end":{"line":75,"column":20}},"loc":{"start":{"line":75,"column":58},"end":{"line":78,"column":1}},"line":75},"2":{"name":"assert","decl":{"start":{"line":80,"column":9},"end":{"line":80,"column":15}},"loc":{"start":{"line":80,"column":59},"end":{"line":84,"column":1}},"line":80},"3":{"name":"log","decl":{"start":{"line":86,"column":9},"end":{"line":86,"column":12}},"loc":{"start":{"line":86,"column":67},"end":{"line":90,"column":1}},"line":86},"4":{"name":"validateType","decl":{"start":{"line":92,"column":9},"end":{"line":92,"column":21}},"loc":{"start":{"line":92,"column":69},"end":{"line":107,"column":1}},"line":92},"5":{"name":"ThemeProvider","decl":{"start":{"line":133,"column":16},"end":{"line":133,"column":29}},"loc":{"start":{"line":133,"column":97},"end":{"line":158,"column":1}},"line":133},"6":{"name":"(anonymous_6)","decl":{"start":{"line":134,"column":60},"end":{"line":134,"column":61}},"loc":{"start":{"line":135,"column":4},"end":{"line":135,"column":41}},"line":135},"7":{"name":"(anonymous_7)","decl":{"start":{"line":138,"column":31},"end":{"line":138,"column":32}},"loc":{"start":{"line":139,"column":4},"end":{"line":139,"column":37}},"line":139},"8":{"name":"(anonymous_8)","decl":{"start":{"line":143,"column":42},"end":{"line":143,"column":43}},"loc":{"start":{"line":143,"column":69},"end":{"line":145,"column":3}},"line":143},"9":{"name":"(anonymous_9)","decl":{"start":{"line":147,"column":30},"end":{"line":147,"column":31}},"loc":{"start":{"line":147,"column":37},"end":{"line":151,"column":3}},"line":147},"10":{"name":"useTheme","decl":{"start":{"line":161,"column":16},"end":{"line":161,"column":24}},"loc":{"start":{"line":161,"column":27},"end":{"line":167,"column":1}},"line":161},"11":{"name":"useThemeConfig","decl":{"start":{"line":169,"column":16},"end":{"line":169,"column":30}},"loc":{"start":{"line":169,"column":33},"end":{"line":172,"column":1}},"line":169},"12":{"name":"useUserProfile","decl":{"start":{"line":175,"column":16},"end":{"line":175,"column":30}},"loc":{"start":{"line":175,"column":33},"end":{"line":178,"column":1}},"line":175},"13":{"name":"createStyleSheet","decl":{"start":{"line":180,"column":16},"end":{"line":180,"column":32}},"loc":{"start":{"line":180,"column":63},"end":{"line":296,"column":1}},"line":180},"14":{"name":"useStyles","decl":{"start":{"line":299,"column":16},"end":{"line":299,"column":25}},"loc":{"start":{"line":299,"column":28},"end":{"line":302,"column":1}},"line":299},"15":{"name":"(anonymous_15)","decl":{"start":{"line":301,"column":23},"end":{"line":301,"column":24}},"loc":{"start":{"line":301,"column":29},"end":{"line":301,"column":53}},"line":301},"16":{"name":"ThemedView","decl":{"start":{"line":327,"column":16},"end":{"line":327,"column":26}},"loc":{"start":{"line":327,"column":75},"end":{"line":335,"column":1}},"line":327},"17":{"name":"ThemedText","decl":{"start":{"line":337,"column":16},"end":{"line":337,"column":26}},"loc":{"start":{"line":337,"column":95},"end":{"line":345,"column":1}},"line":337},"18":{"name":"ThemedButton","decl":{"start":{"line":347,"column":16},"end":{"line":347,"column":28}},"loc":{"start":{"line":354,"column":22},"end":{"line":368,"column":1}},"line":354}},"branchMap":{"0":{"loc":{"start":{"line":69,"column":2},"end":{"line":69,"column":26}},"type":"if","locations":[{"start":{"line":69,"column":2},"end":{"line":69,"column":26}},{"start":{},"end":{}}],"line":69},"1":{"loc":{"start":{"line":70,"column":2},"end":{"line":70,"column":45}},"type":"if","locations":[{"start":{"line":70,"column":2},"end":{"line":70,"column":45}},{"start":{},"end":{}}],"line":70},"2":{"loc":{"start":{"line":77,"column":44},"end":{"line":77,"column":86}},"type":"binary-expr","locations":[{"start":{"line":77,"column":45},"end":{"line":77,"column":50}},{"start":{"line":77,"column":54},"end":{"line":77,"column":76}},{"start":{"line":77,"column":81},"end":{"line":77,"column":86}}],"line":77},"3":{"loc":{"start":{"line":81,"column":2},"end":{"line":83,"column":3}},"type":"if","locations":[{"start":{"line":81,"column":2},"end":{"line":83,"column":3}},{"start":{},"end":{}}],"line":81},"4":{"loc":{"start":{"line":89,"column":78},"end":{"line":89,"column":88}},"type":"binary-expr","locations":[{"start":{"line":89,"column":78},"end":{"line":89,"column":82}},{"start":{"line":89,"column":86},"end":{"line":89,"column":88}}],"line":89},"5":{"loc":{"start":{"line":93,"column":2},"end":{"line":106,"column":3}},"type":"switch","locations":[{"start":{"line":94,"column":4},"end":{"line":95,"column":39}},{"start":{"line":96,"column":4},"end":{"line":97,"column":56}},{"start":{"line":98,"column":4},"end":{"line":99,"column":40}},{"start":{"line":100,"column":4},"end":{"line":101,"column":57}},{"start":{"line":102,"column":4},"end":{"line":103,"column":34}},{"start":{"line":104,"column":4},"end":{"line":105,"column":19}}],"line":93},"6":{"loc":{"start":{"line":97,"column":13},"end":{"line":97,"column":55}},"type":"binary-expr","locations":[{"start":{"line":97,"column":13},"end":{"line":97,"column":38}},{"start":{"line":97,"column":42},"end":{"line":97,"column":55}}],"line":97},"7":{"loc":{"start":{"line":101,"column":13},"end":{"line":101,"column":56}},"type":"binary-expr","locations":[{"start":{"line":101,"column":13},"end":{"line":101,"column":38}},{"start":{"line":101,"column":42},"end":{"line":101,"column":56}}],"line":101},"8":{"loc":{"start":{"line":133,"column":42},"end":{"line":133,"column":73}},"type":"default-arg","locations":[{"start":{"line":133,"column":63},"end":{"line":133,"column":73}}],"line":133},"9":{"loc":{"start":{"line":163,"column":2},"end":{"line":165,"column":3}},"type":"if","locations":[{"start":{"line":163,"column":2},"end":{"line":165,"column":3}},{"start":{},"end":{}}],"line":163},"10":{"loc":{"start":{"line":337,"column":39},"end":{"line":337,"column":57}},"type":"default-arg","locations":[{"start":{"line":337,"column":49},"end":{"line":337,"column":57}}],"line":337},"11":{"loc":{"start":{"line":349,"column":2},"end":{"line":349,"column":21}},"type":"default-arg","locations":[{"start":{"line":349,"column":12},"end":{"line":349,"column":21}}],"line":349}},"s":{"0":0,"1":0,"2":0,"3":0,"4":0,"5":0,"6":0,"7":0,"8":0,"9":0,"10":0,"11":0,"12":0,"13":0,"14":0,"15":0,"16":0,"17":0,"18":0,"19":0,"20":0,"21":0,"22":0,"23":0,"24":0,"25":0,"26":0,"27":0,"28":0,"29":0,"30":0,"31":0,"32":0,"33":0,"34":0,"35":0,"36":0,"37":0,"38":0,"39":0,"40":0,"41":0,"42":0,"43":0,"44":0},"f":{"0":0,"1":0,"2":0,"3":0,"4":0,"5":0,"6":0,"7":0,"8":0,"9":0,"10":0,"11":0,"12":0,"13":0,"14":0,"15":0,"16":0,"17":0,"18":0},"b":{"0":[0,0],"1":[0,0],"2":[0,0,0],"3":[0,0],"4":[0,0],"5":[0,0,0,0,0,0],"6":[0,0],"7":[0,0],"8":[0],"9":[0,0],"10":[0],"11":[0]}}}}
